{"/home/usuario/ull-esit-inf-dsi-21-22-prct06-generics-solid-alu0101202952/practica6-clasesgenericas/src/ejercicio-1/pokemon.ts":{"path":"/home/usuario/ull-esit-inf-dsi-21-22-prct06-generics-solid-alu0101202952/practica6-clasesgenericas/src/ejercicio-1/pokemon.ts","statementMap":{"0":{"start":{"line":2,"column":0},"end":{"line":2,"column":62}},"1":{"start":{"line":3,"column":0},"end":{"line":3,"column":25}},"2":{"start":{"line":4,"column":18},"end":{"line":4,"column":38}},"3":{"start":{"line":16,"column":8},"end":{"line":16,"column":36}},"4":{"start":{"line":17,"column":8},"end":{"line":17,"column":25}},"5":{"start":{"line":18,"column":8},"end":{"line":18,"column":29}},"6":{"start":{"line":19,"column":8},"end":{"line":19,"column":25}},"7":{"start":{"line":26,"column":8},"end":{"line":26,"column":25}},"8":{"start":{"line":33,"column":8},"end":{"line":33,"column":27}},"9":{"start":{"line":40,"column":8},"end":{"line":40,"column":25}},"10":{"start":{"line":43,"column":0},"end":{"line":43,"column":26}},"11":{"start":{"line":47,"column":15},"end":{"line":47,"column":74}},"12":{"start":{"line":48,"column":0},"end":{"line":48,"column":32}},"13":{"start":{"line":49,"column":0},"end":{"line":49,"column":34}},"14":{"start":{"line":50,"column":0},"end":{"line":50,"column":32}},"15":{"start":{"line":51,"column":0},"end":{"line":51,"column":40}}},"fnMap":{"0":{"name":"(anonymous_0)","decl":{"start":{"line":15,"column":4},"end":{"line":15,"column":5}},"loc":{"start":{"line":15,"column":58},"end":{"line":20,"column":5}},"line":15},"1":{"name":"(anonymous_1)","decl":{"start":{"line":25,"column":4},"end":{"line":25,"column":5}},"loc":{"start":{"line":25,"column":14},"end":{"line":27,"column":5}},"line":25},"2":{"name":"(anonymous_2)","decl":{"start":{"line":32,"column":4},"end":{"line":32,"column":5}},"loc":{"start":{"line":32,"column":16},"end":{"line":34,"column":5}},"line":32},"3":{"name":"(anonymous_3)","decl":{"start":{"line":39,"column":4},"end":{"line":39,"column":5}},"loc":{"start":{"line":39,"column":14},"end":{"line":41,"column":5}},"line":39}},"branchMap":{},"s":{"0":1,"1":1,"2":1,"3":5,"4":5,"5":5,"6":5,"7":2,"8":2,"9":10,"10":1,"11":1,"12":1,"13":1,"14":1,"15":1},"f":{"0":5,"1":2,"2":2,"3":10},"b":{},"inputSourceMap":{"version":3,"file":"/home/usuario/ull-esit-inf-dsi-21-22-prct06-generics-solid-alu0101202952/practica6-clasesgenericas/src/ejercicio-1/pokemon.ts","sources":["/home/usuario/ull-esit-inf-dsi-21-22-prct06-generics-solid-alu0101202952/practica6-clasesgenericas/src/ejercicio-1/pokemon.ts"],"names":[],"mappings":";;;AAAA,uCAAoC;AAEpC;;;;;;;;GAQG;AACH,MAAa,OAAQ,SAAQ,iBAAO;IAEhC,YAAY,MAAc,EAAY,IAAY,EACtC,MAAc,EAAY,IAAY,EAAE,YAAuB;QACvE,KAAK,CAAC,MAAM,EAAE,YAAY,CAAC,CAAC;QAFM,SAAI,GAAJ,IAAI,CAAQ;QACtC,WAAM,GAAN,MAAM,CAAQ;QAAY,SAAI,GAAJ,IAAI,CAAQ;IAElD,CAAC;IAED;;;OAGG;IACI,OAAO;QACV,OAAO,IAAI,CAAC,IAAI,CAAC;IACrB,CAAC;IAED;;;OAGG;IACI,SAAS;QACZ,OAAO,IAAI,CAAC,MAAM,CAAC;IACvB,CAAC;IAED;;;OAGG;IACI,OAAO;QACV,OAAO,IAAI,CAAC,IAAI,CAAC;IACrB,CAAC;CAEJ;AA/BD,0BA+BC;AAGD;;GAEG;AACH,IAAI,QAAQ,GAAG,IAAI,OAAO,CAAC,SAAS,EAAE,EAAE,EAAE,GAAG,EAAE,OAAO,EAAE,CAAC,GAAG,EAAE,EAAE,EAAE,EAAE,EAAE,EAAE,CAAC,CAAC,CAAC;AAC3E,OAAO,CAAC,GAAG,CAAC,QAAQ,CAAC,OAAO,EAAE,CAAC,CAAC;AAChC,OAAO,CAAC,GAAG,CAAC,QAAQ,CAAC,SAAS,EAAE,CAAC,CAAC;AAClC,OAAO,CAAC,GAAG,CAAC,QAAQ,CAAC,OAAO,EAAE,CAAC,CAAC;AAChC,OAAO,CAAC,GAAG,CAAC,QAAQ,CAAC,eAAe,EAAE,CAAC,CAAC","sourcesContent":["import { Fighter } from \"./fighter\";\n\n/**\n * EJERCICIO 1.\n * @class Pokemon extiende de la clase abstracta Fighter, tiene las especificaciones correspondientes a los pokemon\n * @param nombre tiene el nombre del pokemon (string)\n * @param peso tiene el peso del pokemon, Kg (number)\n * @param altura tiene la altura del pokemon, m (number)\n * @param tipo tiene el tipo de pokemon (string)\n * @param estadisticas tiene un array del ataque, defensa, velocidad y daño máximo del pokemon (number [])\n */\nexport class Pokemon extends Fighter{\n\n    constructor(nombre: string, protected peso: number,\n      protected altura: number, protected tipo: string, estadisticas: number []) {\n        super(nombre, estadisticas);\n    }\n\n    /**\n     * Getter del peso del pokemon\n     * @returns peso del pokemon\n     */\n    public getPeso(){\n        return this.peso;\n    }\n\n    /**\n     * Getter de la altura del pokemon\n     * @returns altura del pokemon\n     */\n    public getAltura(){\n        return this.altura;\n    }\n\n    /**\n     * Getter del tipo del pokemon\n     * @returns tipo del pokemon\n     */\n    public getTipo(){\n        return this.tipo;\n    }\n\n}\n\n\n/**\n * Salidas por pantalla\n */\nlet pokemon1 = new Pokemon('Flareon', 25, 0.9, 'Fuego', [130, 60, 65, 65]);\nconsole.log(pokemon1.getPeso());\nconsole.log(pokemon1.getAltura());\nconsole.log(pokemon1.getTipo());\nconsole.log(pokemon1.getEstadisticas());"]},"_coverageSchema":"1a1c01bbd47fc00a2c39e90264f33305004495a9","hash":"95f54144cf7a0553ec5a4d61c0e173c43dc041c5","contentHash":"d60757fafa2e4932ca1abfb2a347dcf4dcbef3e501f76e0f07015b925a1e09d0"},"/home/usuario/ull-esit-inf-dsi-21-22-prct06-generics-solid-alu0101202952/practica6-clasesgenericas/src/ejercicio-1/fighter.ts":{"path":"/home/usuario/ull-esit-inf-dsi-21-22-prct06-generics-solid-alu0101202952/practica6-clasesgenericas/src/ejercicio-1/fighter.ts","statementMap":{"0":{"start":{"line":2,"column":0},"end":{"line":2,"column":62}},"1":{"start":{"line":3,"column":0},"end":{"line":3,"column":25}},"2":{"start":{"line":13,"column":8},"end":{"line":13,"column":29}},"3":{"start":{"line":14,"column":8},"end":{"line":19,"column":10}},"4":{"start":{"line":20,"column":8},"end":{"line":20,"column":51}},"5":{"start":{"line":21,"column":8},"end":{"line":21,"column":52}},"6":{"start":{"line":22,"column":8},"end":{"line":22,"column":54}},"7":{"start":{"line":23,"column":8},"end":{"line":23,"column":47}},"8":{"start":{"line":30,"column":8},"end":{"line":30,"column":27}},"9":{"start":{"line":37,"column":8},"end":{"line":37,"column":33}},"10":{"start":{"line":44,"column":8},"end":{"line":44,"column":40}},"11":{"start":{"line":51,"column":8},"end":{"line":51,"column":41}},"12":{"start":{"line":58,"column":8},"end":{"line":58,"column":43}},"13":{"start":{"line":65,"column":8},"end":{"line":65,"column":36}},"14":{"start":{"line":68,"column":0},"end":{"line":68,"column":26}}},"fnMap":{"0":{"name":"(anonymous_0)","decl":{"start":{"line":12,"column":4},"end":{"line":12,"column":5}},"loc":{"start":{"line":12,"column":38},"end":{"line":24,"column":5}},"line":12},"1":{"name":"(anonymous_1)","decl":{"start":{"line":29,"column":4},"end":{"line":29,"column":5}},"loc":{"start":{"line":29,"column":24},"end":{"line":31,"column":5}},"line":29},"2":{"name":"(anonymous_2)","decl":{"start":{"line":36,"column":4},"end":{"line":36,"column":5}},"loc":{"start":{"line":36,"column":22},"end":{"line":38,"column":5}},"line":36},"3":{"name":"(anonymous_3)","decl":{"start":{"line":43,"column":4},"end":{"line":43,"column":5}},"loc":{"start":{"line":43,"column":16},"end":{"line":45,"column":5}},"line":43},"4":{"name":"(anonymous_4)","decl":{"start":{"line":50,"column":4},"end":{"line":50,"column":5}},"loc":{"start":{"line":50,"column":17},"end":{"line":52,"column":5}},"line":50},"5":{"name":"(anonymous_5)","decl":{"start":{"line":57,"column":4},"end":{"line":57,"column":5}},"loc":{"start":{"line":57,"column":19},"end":{"line":59,"column":5}},"line":57},"6":{"name":"(anonymous_6)","decl":{"start":{"line":64,"column":4},"end":{"line":64,"column":5}},"loc":{"start":{"line":64,"column":12},"end":{"line":66,"column":5}},"line":64}},"branchMap":{},"s":{"0":1,"1":1,"2":21,"3":21,"4":21,"5":21,"6":21,"7":21,"8":64,"9":5,"10":28,"11":28,"12":32,"13":28,"14":1},"f":{"0":21,"1":64,"2":5,"3":28,"4":28,"5":32,"6":28},"b":{},"inputSourceMap":{"version":3,"file":"/home/usuario/ull-esit-inf-dsi-21-22-prct06-generics-solid-alu0101202952/practica6-clasesgenericas/src/ejercicio-1/fighter.ts","sources":["/home/usuario/ull-esit-inf-dsi-21-22-prct06-generics-solid-alu0101202952/practica6-clasesgenericas/src/ejercicio-1/fighter.ts"],"names":[],"mappings":";;;AAAA;;;;;;GAMG;AACH,MAAsB,OAAO;IAOzB,YAAsB,MAAc,EAAE,YAAuB;QAAvC,WAAM,GAAN,MAAM,CAAQ;QAN1B,iBAAY,GAAG;YACrB,MAAM,EAAE,CAAC;YACT,OAAO,EAAE,CAAC;YACV,SAAS,EAAE,CAAC;YACZ,EAAE,EAAE,CAAC;SACR,CAAA;QAEG,IAAI,CAAC,YAAY,CAAC,MAAM,GAAG,YAAY,CAAC,CAAC,CAAC,CAAC;QAC3C,IAAI,CAAC,YAAY,CAAC,OAAO,GAAG,YAAY,CAAC,CAAC,CAAC,CAAC;QAC5C,IAAI,CAAC,YAAY,CAAC,SAAS,GAAG,YAAY,CAAC,CAAC,CAAC,CAAC;QAC9C,IAAI,CAAC,YAAY,CAAC,EAAE,GAAG,YAAY,CAAC,CAAC,CAAC,CAAC;IAC3C,CAAC;IAED;;;OAGG;IACI,iBAAiB;QACpB,OAAO,IAAI,CAAC,MAAM,CAAC;IACvB,CAAC;IAED;;;OAGG;IACK,eAAe;QACnB,OAAO,IAAI,CAAC,YAAY,CAAC;IAC7B,CAAC;IAED;;;OAGG;IACI,SAAS;QACZ,OAAO,IAAI,CAAC,YAAY,CAAC,MAAM,CAAC;IACpC,CAAC;IAED;;;OAGG;IACI,UAAU;QACb,OAAO,IAAI,CAAC,YAAY,CAAC,OAAO,CAAC;IACrC,CAAC;IAED;;;OAGG;IACI,YAAY;QACf,OAAO,IAAI,CAAC,YAAY,CAAC,SAAS,CAAC;IACvC,CAAC;IAED;;;OAGG;IACI,KAAK;QACR,OAAO,IAAI,CAAC,YAAY,CAAC,EAAE,CAAC;IAChC,CAAC;CACJ;AA7DD,0BA6DC","sourcesContent":["/**\n * EJERCICIO 1: EL COMBATE DEFINITIVO\n * @abstractclass Fighter permite que un contendiente pueda luchar\n * @param nombre del luchador\n * @param estadisticas del luchador\n * @param mundo del luchador (type Mundo al que pertenece)\n */\nexport abstract class Fighter {\n    protected estadisticas = {\n        ataque: 0,\n        defensa: 0, \n        velocidad: 0,\n        hp: 0,\n    }\n    constructor(protected nombre: string, estadisticas: number []) {\n        this.estadisticas.ataque = estadisticas[0];\n        this.estadisticas.defensa = estadisticas[1];\n        this.estadisticas.velocidad = estadisticas[2];\n        this.estadisticas.hp = estadisticas[3];\n    }\n\n    /**\n     * Getter del nombre del luchador\n     * @returns nombre del luchador\n     */\n    public getNombreLuchador(){\n        return this.nombre;\n    }\n\n    /**\n     * Getter de las estadísticas del cazador de demonios\n     * @returns estadisticas del cazador de demonios\n     */\n     public getEstadisticas(){\n        return this.estadisticas;\n    }\n\n    /**\n     * Getter del ataque del cazador de demonios\n     * @returns ataque del cazador de demonios\n     */\n    public getAtaque(){\n        return this.estadisticas.ataque;\n    }\n\n    /**\n     * Getter de ladefensa del cazador de demonios\n     * @returns defensa del cazador de demonios\n     */\n    public getDefensa(){\n        return this.estadisticas.defensa;\n    }\n\n    /**\n     * Getter de la velocidad del cazador de demonios\n     * @returns velocidad del cazador de demonios\n     */\n    public getVelocidad(){\n        return this.estadisticas.velocidad;\n    }\n\n    /**\n     * Getter del daño máximo del cazador de demonios\n     * @returns daño máximo del cazador de demonios\n     */\n    public getHP(){\n        return this.estadisticas.hp;\n    }\n}"]},"_coverageSchema":"1a1c01bbd47fc00a2c39e90264f33305004495a9","hash":"d1fd08fb21b039e4638311d26014fb466d2d8f4a","contentHash":"6e00eb924265d8ffb905a57fb8962ff7c66be24c1ac870b93a58afd3c8fdce79"},"/home/usuario/ull-esit-inf-dsi-21-22-prct06-generics-solid-alu0101202952/practica6-clasesgenericas/src/ejercicio-1/marvel.ts":{"path":"/home/usuario/ull-esit-inf-dsi-21-22-prct06-generics-solid-alu0101202952/practica6-clasesgenericas/src/ejercicio-1/marvel.ts","statementMap":{"0":{"start":{"line":2,"column":0},"end":{"line":2,"column":62}},"1":{"start":{"line":3,"column":0},"end":{"line":3,"column":24}},"2":{"start":{"line":4,"column":18},"end":{"line":4,"column":38}},"3":{"start":{"line":16,"column":8},"end":{"line":16,"column":36}},"4":{"start":{"line":17,"column":8},"end":{"line":17,"column":37}},"5":{"start":{"line":18,"column":8},"end":{"line":18,"column":35}},"6":{"start":{"line":25,"column":8},"end":{"line":25,"column":31}},"7":{"start":{"line":32,"column":8},"end":{"line":32,"column":30}},"8":{"start":{"line":35,"column":0},"end":{"line":35,"column":24}}},"fnMap":{"0":{"name":"(anonymous_0)","decl":{"start":{"line":15,"column":4},"end":{"line":15,"column":5}},"loc":{"start":{"line":15,"column":61},"end":{"line":19,"column":5}},"line":15},"1":{"name":"(anonymous_1)","decl":{"start":{"line":24,"column":4},"end":{"line":24,"column":5}},"loc":{"start":{"line":24,"column":20},"end":{"line":26,"column":5}},"line":24},"2":{"name":"(anonymous_2)","decl":{"start":{"line":31,"column":4},"end":{"line":31,"column":5}},"loc":{"start":{"line":31,"column":19},"end":{"line":33,"column":5}},"line":31}},"branchMap":{},"s":{"0":1,"1":1,"2":1,"3":4,"4":4,"5":4,"6":1,"7":1,"8":1},"f":{"0":4,"1":1,"2":1},"b":{},"inputSourceMap":{"version":3,"file":"/home/usuario/ull-esit-inf-dsi-21-22-prct06-generics-solid-alu0101202952/practica6-clasesgenericas/src/ejercicio-1/marvel.ts","sources":["/home/usuario/ull-esit-inf-dsi-21-22-prct06-generics-solid-alu0101202952/practica6-clasesgenericas/src/ejercicio-1/marvel.ts"],"names":[],"mappings":";;;AAAA,uCAAoC;AAEpC;;;;;;;;GAQG;AACH,MAAa,MAAO,SAAQ,iBAAO;IAE/B,YAAY,MAAc,EAAY,UAAkB,EAAY,SAAiB,EAAE,YAAuB;QAC1G,KAAK,CAAC,MAAM,EAAE,YAAY,CAAC,CAAC;QADM,eAAU,GAAV,UAAU,CAAQ;QAAY,cAAS,GAAT,SAAS,CAAQ;IAErF,CAAC;IAED;;;OAGG;IACI,aAAa;QAChB,OAAO,IAAI,CAAC,UAAU,CAAC;IAC3B,CAAC;IAED;;;OAGG;IACI,YAAY;QACf,OAAO,IAAI,CAAC,SAAS,CAAC;IAC1B,CAAC;CAEJ;AAtBD,wBAsBC","sourcesContent":["import { Fighter } from \"./fighter\";\n\n/**\n * EJERCICIO 1.\n * @class Marvel extiende de la clase abstracta Fighter, tiene las especificaciones correspondientes \n * a los personajes del mundo Marvel\n * @param nombre tiene el nombre del superhéroe (string)\n * @param superpoder tiene la habilidad del personaje (string)\n * @param debilidad tiene la debilidad del personaje (string)\n * @param estadisticas tiene un array del ataque, defensa, velocidad y daño máximo del personaje marvel (number [])\n */\nexport class Marvel extends Fighter{\n\n    constructor(nombre: string, protected superpoder: string, protected debilidad: string, estadisticas: number []) {\n        super(nombre, estadisticas);\n    }\n\n    /**\n     * Getter del superpoder del superhéroe\n     * @returns superpoder del superhéroe\n     */\n    public getSuperPoder(){\n        return this.superpoder;\n    }\n\n    /**\n     * Getter de la debilidad del superhéroe\n     * @returns debilidad del superhéroe\n     */\n    public getDebilidad(){\n        return this.debilidad;\n    }\n\n}"]},"_coverageSchema":"1a1c01bbd47fc00a2c39e90264f33305004495a9","hash":"b4c9c04f06ffc7f2e59ba3ab6625d98fc2e02896","contentHash":"138755ef95187ad4bf13be710e33e22c971ced6d63f62dd2134fcc44e0c9e807"},"/home/usuario/ull-esit-inf-dsi-21-22-prct06-generics-solid-alu0101202952/practica6-clasesgenericas/src/ejercicio-1/kimetsu.ts":{"path":"/home/usuario/ull-esit-inf-dsi-21-22-prct06-generics-solid-alu0101202952/practica6-clasesgenericas/src/ejercicio-1/kimetsu.ts","statementMap":{"0":{"start":{"line":2,"column":0},"end":{"line":2,"column":62}},"1":{"start":{"line":3,"column":0},"end":{"line":3,"column":32}},"2":{"start":{"line":4,"column":18},"end":{"line":4,"column":38}},"3":{"start":{"line":15,"column":8},"end":{"line":15,"column":36}},"4":{"start":{"line":16,"column":8},"end":{"line":16,"column":39}},"5":{"start":{"line":23,"column":8},"end":{"line":23,"column":32}},"6":{"start":{"line":26,"column":0},"end":{"line":26,"column":40}}},"fnMap":{"0":{"name":"(anonymous_0)","decl":{"start":{"line":14,"column":4},"end":{"line":14,"column":5}},"loc":{"start":{"line":14,"column":51},"end":{"line":17,"column":5}},"line":14},"1":{"name":"(anonymous_1)","decl":{"start":{"line":22,"column":4},"end":{"line":22,"column":5}},"loc":{"start":{"line":22,"column":21},"end":{"line":24,"column":5}},"line":22}},"branchMap":{},"s":{"0":1,"1":1,"2":1,"3":6,"4":6,"5":1,"6":1},"f":{"0":6,"1":1},"b":{},"inputSourceMap":{"version":3,"file":"/home/usuario/ull-esit-inf-dsi-21-22-prct06-generics-solid-alu0101202952/practica6-clasesgenericas/src/ejercicio-1/kimetsu.ts","sources":["/home/usuario/ull-esit-inf-dsi-21-22-prct06-generics-solid-alu0101202952/practica6-clasesgenericas/src/ejercicio-1/kimetsu.ts"],"names":[],"mappings":";;;AAAA,uCAAoC;AAEpC;;;;;;;GAOG;AACH,MAAa,cAAe,SAAQ,iBAAO;IAEvC,YAAY,MAAc,EAAY,WAAmB,EAAE,YAAuB;QAC9E,KAAK,CAAC,MAAM,EAAE,YAAY,CAAC,CAAC;QADM,gBAAW,GAAX,WAAW,CAAQ;IAEzD,CAAC;IAED;;;OAGG;IACI,cAAc;QACjB,OAAO,IAAI,CAAC,WAAW,CAAC;IAC5B,CAAC;CACJ;AAbD,wCAaC","sourcesContent":["import { Fighter } from \"./fighter\";\n\n/**\n * EJERCICIO 1.\n * @class KimetsuNoYaiba extiende de la clase abstracta Fighter, tiene las especificaciones correspondientes \n * a los personajes del mundo anime de Kimetsu no Yaiba (cazadores de demonios)\n * @param nombre tiene el nombre del cazador de demonios (string)\n * @param respiracion es el poder que domina el cazador de demonios (string) que lleva una katana\n * @param estadisticas tiene un array del ataque, defensa, velocidad y daño máximo del personaje de Kimetsu no Yaiba (number [])\n */\nexport class KimetsuNoYaiba extends Fighter{\n    \n    constructor(nombre: string, protected respiracion: string, estadisticas: number []) {\n        super(nombre, estadisticas);\n    }\n\n    /**\n     * Getter del poder(respiración) del cazador de demonios\n     * @returns respiración del cazador de demonios\n     */\n    public getRespiracion(){\n        return this.respiracion;\n    }\n}"]},"_coverageSchema":"1a1c01bbd47fc00a2c39e90264f33305004495a9","hash":"117dd49231c1774e797b2a8062c5338e34503e94","contentHash":"153875d85051c122bb9565ecbc0de321d601056125f9a27afa31db1b74c64de6"},"/home/usuario/ull-esit-inf-dsi-21-22-prct06-generics-solid-alu0101202952/practica6-clasesgenericas/src/ejercicio-1/onepiece.ts":{"path":"/home/usuario/ull-esit-inf-dsi-21-22-prct06-generics-solid-alu0101202952/practica6-clasesgenericas/src/ejercicio-1/onepiece.ts","statementMap":{"0":{"start":{"line":2,"column":0},"end":{"line":2,"column":62}},"1":{"start":{"line":3,"column":0},"end":{"line":3,"column":26}},"2":{"start":{"line":4,"column":18},"end":{"line":4,"column":38}},"3":{"start":{"line":16,"column":8},"end":{"line":16,"column":36}},"4":{"start":{"line":17,"column":8},"end":{"line":17,"column":27}},"5":{"start":{"line":18,"column":8},"end":{"line":18,"column":35}},"6":{"start":{"line":25,"column":8},"end":{"line":25,"column":26}},"7":{"start":{"line":32,"column":8},"end":{"line":32,"column":30}},"8":{"start":{"line":35,"column":0},"end":{"line":35,"column":28}}},"fnMap":{"0":{"name":"(anonymous_0)","decl":{"start":{"line":15,"column":4},"end":{"line":15,"column":5}},"loc":{"start":{"line":15,"column":56},"end":{"line":19,"column":5}},"line":15},"1":{"name":"(anonymous_1)","decl":{"start":{"line":24,"column":4},"end":{"line":24,"column":5}},"loc":{"start":{"line":24,"column":15},"end":{"line":26,"column":5}},"line":24},"2":{"name":"(anonymous_2)","decl":{"start":{"line":31,"column":4},"end":{"line":31,"column":5}},"loc":{"start":{"line":31,"column":19},"end":{"line":33,"column":5}},"line":31}},"branchMap":{},"s":{"0":1,"1":1,"2":1,"3":6,"4":6,"5":6,"6":1,"7":1,"8":1},"f":{"0":6,"1":1,"2":1},"b":{},"inputSourceMap":{"version":3,"file":"/home/usuario/ull-esit-inf-dsi-21-22-prct06-generics-solid-alu0101202952/practica6-clasesgenericas/src/ejercicio-1/onepiece.ts","sources":["/home/usuario/ull-esit-inf-dsi-21-22-prct06-generics-solid-alu0101202952/practica6-clasesgenericas/src/ejercicio-1/onepiece.ts"],"names":[],"mappings":";;;AAAA,uCAAoC;AAEpC;;;;;;;;GAQG;AACH,MAAa,QAAS,SAAQ,iBAAO;IAEjC,YAAY,MAAc,EAAY,KAAa,EAAY,SAAiB,EAAE,YAAuB;QACrG,KAAK,CAAC,MAAM,EAAE,YAAY,CAAC,CAAC;QADM,UAAK,GAAL,KAAK,CAAQ;QAAY,cAAS,GAAT,SAAS,CAAQ;IAEhF,CAAC;IAED;;;OAGG;IACI,QAAQ;QACX,OAAO,IAAI,CAAC,KAAK,CAAC;IACtB,CAAC;IAED;;;OAGG;IACI,YAAY;QACf,OAAO,IAAI,CAAC,SAAS,CAAC;IAC1B,CAAC;CACJ;AArBD,4BAqBC","sourcesContent":["import { Fighter } from \"./fighter\";\n\n/**\n * EJERCICIO 1.\n * @class OnePiece extiende de la clase abstracta Fighter, tiene las especificaciones correspondientes \n * a los personajes del mundo anime de One Piece (son piratas)\n * @param nombre tiene el nombre del pirata (string)\n * @param fruta tiene la fruta del diablo que le da su habilidad al pirata(string)\n * @param habilidad tiene la habilidad del pirata (string)\n * @param estadisticas tiene un array del ataque, defensa, velocidad y daño máximo del pirata (number [])\n */\nexport class OnePiece extends Fighter{\n\n    constructor(nombre: string, protected fruta: string, protected habilidad: string, estadisticas: number []) {\n        super(nombre, estadisticas);\n    }\n\n    /**\n     * Getter del nombre de la fruta que le otorga las habilidades del pirata \n     * @returns nombre de la fruta que le otorga las habilidades del pirata\n     */\n    public getFruta(){\n        return this.fruta;\n    }\n\n    /**\n     * Getter del nombre de la habilidad del pirata \n     * @returns nombre de la habilidad del pirata\n     */\n    public getHabilidad(){\n        return this.habilidad;\n    }\n}"]},"_coverageSchema":"1a1c01bbd47fc00a2c39e90264f33305004495a9","hash":"bc1340781633acef01d6f67319a9f8b502122301","contentHash":"77feeed4db4659223427d1655e84f345cf07bf03d35a1322ca46b25a8b9e3ab1"},"/home/usuario/ull-esit-inf-dsi-21-22-prct06-generics-solid-alu0101202952/practica6-clasesgenericas/src/ejercicio-1/combat.ts":{"path":"/home/usuario/ull-esit-inf-dsi-21-22-prct06-generics-solid-alu0101202952/practica6-clasesgenericas/src/ejercicio-1/combat.ts","statementMap":{"0":{"start":{"line":2,"column":0},"end":{"line":2,"column":62}},"1":{"start":{"line":3,"column":0},"end":{"line":3,"column":24}},"2":{"start":{"line":4,"column":18},"end":{"line":4,"column":38}},"3":{"start":{"line":5,"column":17},"end":{"line":5,"column":36}},"4":{"start":{"line":6,"column":19},"end":{"line":6,"column":40}},"5":{"start":{"line":7,"column":18},"end":{"line":7,"column":38}},"6":{"start":{"line":17,"column":8},"end":{"line":17,"column":43}},"7":{"start":{"line":18,"column":8},"end":{"line":18,"column":43}},"8":{"start":{"line":25,"column":8},"end":{"line":27,"column":9}},"9":{"start":{"line":26,"column":12},"end":{"line":26,"column":47}},"10":{"start":{"line":28,"column":8},"end":{"line":30,"column":9}},"11":{"start":{"line":29,"column":12},"end":{"line":29,"column":60}},"12":{"start":{"line":31,"column":8},"end":{"line":33,"column":9}},"13":{"start":{"line":32,"column":12},"end":{"line":32,"column":74}},"14":{"start":{"line":34,"column":8},"end":{"line":39,"column":9}},"15":{"start":{"line":35,"column":12},"end":{"line":35,"column":64}},"16":{"start":{"line":38,"column":12},"end":{"line":38,"column":37}},"17":{"start":{"line":46,"column":27},"end":{"line":46,"column":28}},"18":{"start":{"line":47,"column":27},"end":{"line":47,"column":28}},"19":{"start":{"line":48,"column":20},"end":{"line":48,"column":21}},"20":{"start":{"line":49,"column":20},"end":{"line":49,"column":21}},"21":{"start":{"line":50,"column":20},"end":{"line":50,"column":46}},"22":{"start":{"line":51,"column":20},"end":{"line":51,"column":46}},"23":{"start":{"line":52,"column":20},"end":{"line":52,"column":21}},"24":{"start":{"line":53,"column":8},"end":{"line":53,"column":48}},"25":{"start":{"line":54,"column":8},"end":{"line":104,"column":9}},"26":{"start":{"line":55,"column":12},"end":{"line":102,"column":13}},"27":{"start":{"line":56,"column":16},"end":{"line":56,"column":142}},"28":{"start":{"line":57,"column":16},"end":{"line":57,"column":46}},"29":{"start":{"line":58,"column":16},"end":{"line":99,"column":17}},"30":{"start":{"line":59,"column":20},"end":{"line":74,"column":21}},"31":{"start":{"line":60,"column":24},"end":{"line":60,"column":56}},"32":{"start":{"line":61,"column":24},"end":{"line":61,"column":58}},"33":{"start":{"line":63,"column":25},"end":{"line":74,"column":21}},"34":{"start":{"line":64,"column":24},"end":{"line":64,"column":58}},"35":{"start":{"line":65,"column":24},"end":{"line":65,"column":56}},"36":{"start":{"line":67,"column":25},"end":{"line":74,"column":21}},"37":{"start":{"line":68,"column":24},"end":{"line":68,"column":56}},"38":{"start":{"line":69,"column":24},"end":{"line":69,"column":56}},"39":{"start":{"line":72,"column":24},"end":{"line":72,"column":58}},"40":{"start":{"line":73,"column":24},"end":{"line":73,"column":58}},"41":{"start":{"line":75,"column":20},"end":{"line":75,"column":115}},"42":{"start":{"line":76,"column":20},"end":{"line":76,"column":46}},"43":{"start":{"line":77,"column":20},"end":{"line":77,"column":42}},"44":{"start":{"line":78,"column":20},"end":{"line":78,"column":115}},"45":{"start":{"line":79,"column":20},"end":{"line":79,"column":46}},"46":{"start":{"line":80,"column":20},"end":{"line":80,"column":42}},"47":{"start":{"line":81,"column":20},"end":{"line":81,"column":296}},"48":{"start":{"line":82,"column":20},"end":{"line":82,"column":104}},"49":{"start":{"line":83,"column":20},"end":{"line":83,"column":79}},"50":{"start":{"line":84,"column":20},"end":{"line":84,"column":116}},"51":{"start":{"line":85,"column":20},"end":{"line":85,"column":116}},"52":{"start":{"line":88,"column":20},"end":{"line":88,"column":100}},"53":{"start":{"line":89,"column":20},"end":{"line":89,"column":46}},"54":{"start":{"line":90,"column":20},"end":{"line":90,"column":42}},"55":{"start":{"line":91,"column":20},"end":{"line":91,"column":100}},"56":{"start":{"line":92,"column":20},"end":{"line":92,"column":46}},"57":{"start":{"line":93,"column":20},"end":{"line":93,"column":42}},"58":{"start":{"line":94,"column":20},"end":{"line":94,"column":287}},"59":{"start":{"line":95,"column":20},"end":{"line":95,"column":105}},"60":{"start":{"line":96,"column":20},"end":{"line":96,"column":79}},"61":{"start":{"line":97,"column":20},"end":{"line":97,"column":116}},"62":{"start":{"line":98,"column":20},"end":{"line":98,"column":116}},"63":{"start":{"line":100,"column":16},"end":{"line":100,"column":24}},"64":{"start":{"line":101,"column":16},"end":{"line":101,"column":22}},"65":{"start":{"line":103,"column":12},"end":{"line":103,"column":44}},"66":{"start":{"line":105,"column":24},"end":{"line":105,"column":29}},"67":{"start":{"line":106,"column":24},"end":{"line":106,"column":29}},"68":{"start":{"line":107,"column":8},"end":{"line":107,"column":218}},"69":{"start":{"line":109,"column":8},"end":{"line":112,"column":9}},"70":{"start":{"line":110,"column":12},"end":{"line":110,"column":26}},"71":{"start":{"line":111,"column":12},"end":{"line":111,"column":80}},"72":{"start":{"line":113,"column":8},"end":{"line":116,"column":9}},"73":{"start":{"line":114,"column":12},"end":{"line":114,"column":26}},"74":{"start":{"line":115,"column":12},"end":{"line":115,"column":80}},"75":{"start":{"line":117,"column":8},"end":{"line":117,"column":38}},"76":{"start":{"line":120,"column":0},"end":{"line":120,"column":24}},"77":{"start":{"line":121,"column":15},"end":{"line":121,"column":84}},"78":{"start":{"line":122,"column":15},"end":{"line":122,"column":86}},"79":{"start":{"line":123,"column":14},"end":{"line":123,"column":94}},"80":{"start":{"line":124,"column":14},"end":{"line":124,"column":94}},"81":{"start":{"line":125,"column":14},"end":{"line":125,"column":80}},"82":{"start":{"line":126,"column":14},"end":{"line":126,"column":81}},"83":{"start":{"line":127,"column":14},"end":{"line":127,"column":83}},"84":{"start":{"line":128,"column":12},"end":{"line":128,"column":96}},"85":{"start":{"line":129,"column":12},"end":{"line":129,"column":85}},"86":{"start":{"line":130,"column":13},"end":{"line":130,"column":81}},"87":{"start":{"line":131,"column":15},"end":{"line":131,"column":45}},"88":{"start":{"line":132,"column":15},"end":{"line":132,"column":44}},"89":{"start":{"line":133,"column":15},"end":{"line":133,"column":43}},"90":{"start":{"line":134,"column":15},"end":{"line":134,"column":41}},"91":{"start":{"line":135,"column":15},"end":{"line":135,"column":40}},"92":{"start":{"line":136,"column":15},"end":{"line":136,"column":43}},"93":{"start":{"line":137,"column":15},"end":{"line":137,"column":43}},"94":{"start":{"line":138,"column":0},"end":{"line":138,"column":30}}},"fnMap":{"0":{"name":"(anonymous_0)","decl":{"start":{"line":16,"column":4},"end":{"line":16,"column":5}},"loc":{"start":{"line":16,"column":46},"end":{"line":19,"column":5}},"line":16},"1":{"name":"(anonymous_1)","decl":{"start":{"line":24,"column":4},"end":{"line":24,"column":5}},"loc":{"start":{"line":24,"column":28},"end":{"line":40,"column":5}},"line":24},"2":{"name":"(anonymous_2)","decl":{"start":{"line":45,"column":4},"end":{"line":45,"column":5}},"loc":{"start":{"line":45,"column":12},"end":{"line":118,"column":5}},"line":45}},"branchMap":{"0":{"loc":{"start":{"line":25,"column":8},"end":{"line":27,"column":9}},"type":"if","locations":[{"start":{"line":25,"column":8},"end":{"line":27,"column":9}},{"start":{"line":25,"column":8},"end":{"line":27,"column":9}}],"line":25},"1":{"loc":{"start":{"line":28,"column":8},"end":{"line":30,"column":9}},"type":"if","locations":[{"start":{"line":28,"column":8},"end":{"line":30,"column":9}},{"start":{"line":28,"column":8},"end":{"line":30,"column":9}}],"line":28},"2":{"loc":{"start":{"line":31,"column":8},"end":{"line":33,"column":9}},"type":"if","locations":[{"start":{"line":31,"column":8},"end":{"line":33,"column":9}},{"start":{"line":31,"column":8},"end":{"line":33,"column":9}}],"line":31},"3":{"loc":{"start":{"line":34,"column":8},"end":{"line":39,"column":9}},"type":"if","locations":[{"start":{"line":34,"column":8},"end":{"line":39,"column":9}},{"start":{"line":34,"column":8},"end":{"line":39,"column":9}}],"line":34},"4":{"loc":{"start":{"line":54,"column":8},"end":{"line":104,"column":9}},"type":"if","locations":[{"start":{"line":54,"column":8},"end":{"line":104,"column":9}},{"start":{"line":54,"column":8},"end":{"line":104,"column":9}}],"line":54},"5":{"loc":{"start":{"line":54,"column":12},"end":{"line":54,"column":154}},"type":"binary-expr","locations":[{"start":{"line":54,"column":12},"end":{"line":54,"column":81}},{"start":{"line":54,"column":85},"end":{"line":54,"column":154}}],"line":54},"6":{"loc":{"start":{"line":55,"column":19},"end":{"line":55,"column":83}},"type":"binary-expr","locations":[{"start":{"line":55,"column":19},"end":{"line":55,"column":49}},{"start":{"line":55,"column":53},"end":{"line":55,"column":83}}],"line":55},"7":{"loc":{"start":{"line":58,"column":16},"end":{"line":99,"column":17}},"type":"if","locations":[{"start":{"line":58,"column":16},"end":{"line":99,"column":17}},{"start":{"line":58,"column":16},"end":{"line":99,"column":17}}],"line":58},"8":{"loc":{"start":{"line":58,"column":20},"end":{"line":58,"column":118}},"type":"binary-expr","locations":[{"start":{"line":58,"column":20},"end":{"line":58,"column":67}},{"start":{"line":58,"column":71},"end":{"line":58,"column":118}}],"line":58},"9":{"loc":{"start":{"line":59,"column":20},"end":{"line":74,"column":21}},"type":"if","locations":[{"start":{"line":59,"column":20},"end":{"line":74,"column":21}},{"start":{"line":59,"column":20},"end":{"line":74,"column":21}}],"line":59},"10":{"loc":{"start":{"line":59,"column":24},"end":{"line":59,"column":367}},"type":"binary-expr","locations":[{"start":{"line":59,"column":24},"end":{"line":59,"column":63}},{"start":{"line":59,"column":67},"end":{"line":59,"column":107}},{"start":{"line":59,"column":111},"end":{"line":59,"column":149}},{"start":{"line":59,"column":153},"end":{"line":59,"column":192}},{"start":{"line":59,"column":196},"end":{"line":59,"column":236}},{"start":{"line":59,"column":240},"end":{"line":59,"column":278}},{"start":{"line":59,"column":282},"end":{"line":59,"column":325}},{"start":{"line":59,"column":329},"end":{"line":59,"column":367}}],"line":59},"11":{"loc":{"start":{"line":63,"column":25},"end":{"line":74,"column":21}},"type":"if","locations":[{"start":{"line":63,"column":25},"end":{"line":74,"column":21}},{"start":{"line":63,"column":25},"end":{"line":74,"column":21}}],"line":63},"12":{"loc":{"start":{"line":63,"column":29},"end":{"line":63,"column":372}},"type":"binary-expr","locations":[{"start":{"line":63,"column":29},"end":{"line":63,"column":69}},{"start":{"line":63,"column":73},"end":{"line":63,"column":112}},{"start":{"line":63,"column":116},"end":{"line":63,"column":155}},{"start":{"line":63,"column":159},"end":{"line":63,"column":197}},{"start":{"line":63,"column":201},"end":{"line":63,"column":239}},{"start":{"line":63,"column":243},"end":{"line":63,"column":283}},{"start":{"line":63,"column":287},"end":{"line":63,"column":325}},{"start":{"line":63,"column":329},"end":{"line":63,"column":372}}],"line":63},"13":{"loc":{"start":{"line":67,"column":25},"end":{"line":74,"column":21}},"type":"if","locations":[{"start":{"line":67,"column":25},"end":{"line":74,"column":21}},{"start":{"line":67,"column":25},"end":{"line":74,"column":21}}],"line":67},"14":{"loc":{"start":{"line":67,"column":29},"end":{"line":67,"column":387}},"type":"binary-expr","locations":[{"start":{"line":67,"column":29},"end":{"line":67,"column":69}},{"start":{"line":67,"column":73},"end":{"line":67,"column":116}},{"start":{"line":67,"column":120},"end":{"line":67,"column":163}},{"start":{"line":67,"column":167},"end":{"line":67,"column":207}},{"start":{"line":67,"column":211},"end":{"line":67,"column":254}},{"start":{"line":67,"column":258},"end":{"line":67,"column":297}},{"start":{"line":67,"column":301},"end":{"line":67,"column":340}},{"start":{"line":67,"column":344},"end":{"line":67,"column":387}}],"line":67},"15":{"loc":{"start":{"line":109,"column":8},"end":{"line":112,"column":9}},"type":"if","locations":[{"start":{"line":109,"column":8},"end":{"line":112,"column":9}},{"start":{"line":109,"column":8},"end":{"line":112,"column":9}}],"line":109},"16":{"loc":{"start":{"line":113,"column":8},"end":{"line":116,"column":9}},"type":"if","locations":[{"start":{"line":113,"column":8},"end":{"line":116,"column":9}},{"start":{"line":113,"column":8},"end":{"line":116,"column":9}}],"line":113}},"s":{"0":1,"1":1,"2":1,"3":1,"4":1,"5":1,"6":14,"7":14,"8":17,"9":5,"10":12,"11":4,"12":8,"13":4,"14":4,"15":4,"16":0,"17":8,"18":8,"19":8,"20":8,"21":8,"22":8,"23":8,"24":8,"25":8,"26":8,"27":8,"28":8,"29":8,"30":2,"31":2,"32":2,"33":0,"34":0,"35":0,"36":0,"37":0,"38":0,"39":0,"40":0,"41":2,"42":2,"43":2,"44":2,"45":2,"46":2,"47":2,"48":2,"49":2,"50":2,"51":2,"52":6,"53":6,"54":6,"55":6,"56":6,"57":6,"58":6,"59":6,"60":6,"61":6,"62":6,"63":8,"64":8,"65":8,"66":8,"67":8,"68":8,"69":8,"70":3,"71":3,"72":8,"73":1,"74":1,"75":8,"76":1,"77":1,"78":1,"79":1,"80":1,"81":1,"82":1,"83":1,"84":1,"85":1,"86":1,"87":1,"88":1,"89":1,"90":1,"91":1,"92":1,"93":1,"94":1},"f":{"0":14,"1":17,"2":8},"b":{"0":[5,12],"1":[4,8],"2":[4,4],"3":[4,0],"4":[8,0],"5":[8,6],"6":[8,0],"7":[2,6],"8":[8,3],"9":[2,0],"10":[2,2,0,0,0,0,0,0],"11":[0,0],"12":[0,0,0,0,0,0,0,0],"13":[0,0],"14":[0,0,0,0,0,0,0,0],"15":[3,5],"16":[1,7]},"inputSourceMap":{"version":3,"file":"/home/usuario/ull-esit-inf-dsi-21-22-prct06-generics-solid-alu0101202952/practica6-clasesgenericas/src/ejercicio-1/combat.ts","sources":["/home/usuario/ull-esit-inf-dsi-21-22-prct06-generics-solid-alu0101202952/practica6-clasesgenericas/src/ejercicio-1/combat.ts"],"names":[],"mappings":";;;AACA,uCAA2C;AAC3C,qCAAkC;AAClC,yCAAsC;AACtC,uCAAoC;AACpC;;;;;;GAMG;AACH,MAAa,MAAM;IACf,YAAoB,aAAsB,EAAU,aAAsB;QAAtD,kBAAa,GAAb,aAAa,CAAS;QAAU,kBAAa,GAAb,aAAa,CAAS;IAC1E,CAAC;IAED;;;OAGG;IACI,SAAS,CAAC,YAAqB;QAClC,IAAG,YAAY,YAAY,iBAAO,EAAC;YAC/B,OAAM,CAAC,OAAO,CAAC,GAAG,CAAC,YAAY,CAAC,CAAC,CAAC;SACrC;QAAC,IAAG,YAAY,YAAY,eAAM,EAAC;YAChC,OAAM,CAAC,OAAO,CAAC,GAAG,CAAC,yBAAyB,CAAC,CAAC,CAAC;SAClD;QAAC,IAAG,YAAY,YAAY,wBAAc,EAAC;YACxC,OAAM,CAAC,OAAO,CAAC,GAAG,CAAC,uCAAuC,CAAC,CAAC,CAAC;SAChE;QAAC,IAAG,YAAY,YAAY,mBAAQ,EAAC,EAAG,iBAAiB;YACtD,OAAM,CAAC,OAAO,CAAC,GAAG,CAAC,6BAA6B,CAAC,CAAC,CAAC;SACtD;aAAM;YACH,OAAM,CAAC,OAAO,CAAC,GAAG,CAAC,EAAE,CAAC,CAAC,CAAC;SAC3B;IACL,CAAC;IAED;;;OAGG;IACI,KAAK;QACR,IAAI,YAAY,GAAW,CAAC,CAAC;QAC7B,IAAI,YAAY,GAAW,CAAC,CAAC;QAC7B,IAAI,KAAK,GAAW,CAAC,CAAC;QACtB,IAAI,KAAK,GAAW,CAAC,CAAC;QAEtB,IAAI,KAAK,GAAW,IAAI,CAAC,aAAa,CAAC,KAAK,EAAE,CAAC;QAC/C,IAAI,KAAK,GAAW,IAAI,CAAC,aAAa,CAAC,KAAK,EAAE,CAAC;QAE/C,IAAI,KAAK,GAAW,CAAC,CAAC;QACtB,OAAO,CAAC,GAAG,CAAC,0BAA0B,CAAC,CAAC;QAExC,IAAG,IAAI,CAAC,aAAa,CAAC,YAAY,EAAE,GAAG,IAAI,CAAC,aAAa,CAAC,YAAY,EAAE,IAAI,IAAI,CAAC,aAAa,CAAC,YAAY,EAAE,GAAG,IAAI,CAAC,aAAa,CAAC,YAAY,EAAE,EAAC;YAC9I,OAAO,IAAI,CAAC,aAAa,CAAC,KAAK,EAAE,GAAG,CAAC,IAAI,IAAI,CAAC,aAAa,CAAC,KAAK,EAAE,GAAG,CAAC,EAAC;gBACpE,OAAO,CAAC,GAAG,CAAC,cAAc,GAAC,IAAI,CAAC,aAAa,CAAC,iBAAiB,EAAE,GAAC,aAAa,GAAC,IAAI,CAAC,aAAa,CAAC,iBAAiB,EAAE,CAAC,CAAC;gBACxH,OAAO,CAAC,GAAG,CAAC,QAAQ,GAAC,KAAK,CAAC,CAAC;gBAC5B,IAAG,IAAI,CAAC,aAAa,YAAY,iBAAO,IAAI,IAAI,CAAC,aAAa,YAAY,iBAAO,EAAC;oBAC9E,IAAI,IAAI,CAAC,aAAa,CAAC,OAAO,EAAE,IAAI,OAAO,IAAI,IAAI,CAAC,aAAa,CAAC,OAAO,EAAE,IAAI,QAAQ,IAAI,IAAI,CAAC,aAAa,CAAC,OAAO,EAAE,IAAI,MAAM,IAAI,IAAI,CAAC,aAAa,CAAC,OAAO,EAAE,IAAI,OAAO,IAAI,IAAI,CAAC,aAAa,CAAC,OAAO,EAAE,IAAI,QAAQ,IAAI,IAAI,CAAC,aAAa,CAAC,OAAO,EAAE,IAAI,MAAM,IAAI,IAAI,CAAC,aAAa,CAAC,OAAO,EAAE,IAAI,WAAW,IAAI,IAAI,CAAC,aAAa,CAAC,OAAO,EAAE,IAAI,MAAM,EAAE;wBACzV,YAAY,GAAG,YAAY,GAAG,CAAC,CAAC;wBAChC,YAAY,GAAG,YAAY,GAAG,GAAG,CAAC;qBACrC;yBAAM,IAAI,IAAI,CAAC,aAAa,CAAC,OAAO,EAAE,IAAI,QAAQ,IAAI,IAAI,CAAC,aAAa,CAAC,OAAO,EAAE,IAAI,OAAO,IAAI,IAAI,CAAC,aAAa,CAAC,OAAO,EAAE,IAAI,OAAO,IAAI,IAAI,CAAC,aAAa,CAAC,OAAO,EAAE,IAAI,MAAM,IAAI,IAAI,CAAC,aAAa,CAAC,OAAO,EAAE,IAAI,MAAM,IAAI,IAAI,CAAC,aAAa,CAAC,OAAO,EAAE,IAAI,QAAQ,IAAI,IAAI,CAAC,aAAa,CAAC,OAAO,EAAE,IAAI,MAAM,IAAI,IAAI,CAAC,aAAa,CAAC,OAAO,EAAE,IAAI,WAAW,EAAE;wBAChW,YAAY,GAAG,YAAY,GAAG,GAAG,CAAC;wBAClC,YAAY,GAAG,YAAY,GAAG,CAAC,CAAC;qBACnC;yBAAM,IAAI,IAAI,CAAC,aAAa,CAAC,OAAO,EAAE,IAAI,QAAQ,IAAI,IAAI,CAAC,aAAa,CAAC,OAAO,EAAE,IAAI,WAAW,IAAI,IAAI,CAAC,aAAa,CAAC,OAAO,EAAE,IAAI,WAAW,IAAI,IAAI,CAAC,aAAa,CAAC,OAAO,EAAE,IAAI,QAAQ,IAAI,IAAI,CAAC,aAAa,CAAC,OAAO,EAAE,IAAI,WAAW,IAAI,IAAI,CAAC,aAAa,CAAC,OAAO,EAAE,IAAI,OAAO,IAAI,IAAI,CAAC,aAAa,CAAC,OAAO,EAAE,IAAI,OAAO,IAAI,IAAI,CAAC,aAAa,CAAC,OAAO,EAAE,IAAI,WAAW,EAAE;wBAC/W,YAAY,GAAG,YAAY,GAAG,CAAC,CAAC;wBAChC,YAAY,GAAG,YAAY,GAAG,CAAC,CAAC;qBACnC;yBAAM;wBACH,YAAY,GAAG,YAAY,GAAG,GAAG,CAAC;wBAClC,YAAY,GAAG,YAAY,GAAG,GAAG,CAAC;qBACrC;oBAED,KAAK,GAAG,EAAE,GAAG,CAAC,IAAI,CAAC,aAAa,CAAC,SAAS,EAAE,GAAG,IAAI,CAAC,aAAa,CAAC,UAAU,EAAE,CAAC,GAAG,YAAY,CAAC;oBAC/F,KAAK,GAAG,IAAI,CAAC,KAAK,CAAC,KAAK,CAAC,CAAC;oBAC1B,KAAK,GAAG,KAAK,GAAG,KAAK,CAAC;oBACtB,KAAK,GAAG,EAAE,GAAG,CAAC,IAAI,CAAC,aAAa,CAAC,SAAS,EAAE,GAAG,IAAI,CAAC,aAAa,CAAC,UAAU,EAAE,CAAC,GAAG,YAAY,CAAC;oBAC/F,KAAK,GAAG,IAAI,CAAC,KAAK,CAAC,KAAK,CAAC,CAAC;oBAC1B,KAAK,GAAG,KAAK,GAAG,KAAK,CAAC;oBAEtB,OAAO,CAAC,GAAG,CAAC,8BAA8B,GAAC,IAAI,CAAC,aAAa,CAAC,OAAO,EAAE,GAAC,yCAAyC,GAAC,IAAI,CAAC,aAAa,CAAC,OAAO,EAAE,GAAC,kBAAkB,GAAC,IAAI,CAAC,aAAa,CAAC,SAAS,EAAE,GAAC,mCAAmC,GAAC,IAAI,CAAC,aAAa,CAAC,UAAU,EAAE,CAAC,CAAC;oBAEtQ,OAAO,CAAC,GAAG,CAAC,4BAA4B,GAAC,KAAK,GAAC,uBAAuB,GAAC,KAAK,CAAC,CAAC;oBAE9E,OAAO,CAAC,GAAG,CAAC,6CAA6C,CAAC,CAAC;oBAC3D,OAAO,CAAC,GAAG,CAAC,IAAI,CAAC,aAAa,CAAC,iBAAiB,EAAE,GAAC,IAAI,GAAC,IAAI,CAAC,SAAS,CAAC,IAAI,CAAC,aAAa,CAAC,CAAC,CAAC;oBAC5F,OAAO,CAAC,GAAG,CAAC,IAAI,CAAC,aAAa,CAAC,iBAAiB,EAAE,GAAC,IAAI,GAAC,IAAI,CAAC,SAAS,CAAC,IAAI,CAAC,aAAa,CAAC,CAAC,CAAC;iBAE/F;qBAAM,EAAE,8FAA8F;oBACnG,KAAK,GAAG,EAAE,GAAG,CAAC,IAAI,CAAC,aAAa,CAAC,SAAS,EAAE,GAAG,IAAI,CAAC,aAAa,CAAC,UAAU,EAAE,CAAC,CAAC;oBAChF,KAAK,GAAG,IAAI,CAAC,KAAK,CAAC,KAAK,CAAC,CAAC;oBAC1B,KAAK,GAAG,KAAK,GAAG,KAAK,CAAC;oBACtB,KAAK,GAAG,EAAE,GAAG,CAAC,IAAI,CAAC,aAAa,CAAC,SAAS,EAAE,GAAG,IAAI,CAAC,aAAa,CAAC,UAAU,EAAE,CAAC,CAAC;oBAChF,KAAK,GAAG,IAAI,CAAC,KAAK,CAAC,KAAK,CAAC,CAAC;oBAC1B,KAAK,GAAG,KAAK,GAAG,KAAK,CAAC;oBAEtB,OAAO,CAAC,GAAG,CAAC,kBAAkB,GAAC,IAAI,CAAC,aAAa,CAAC,iBAAiB,EAAE,GAAC,wBAAwB,GAAC,IAAI,CAAC,aAAa,CAAC,iBAAiB,EAAE,GAAC,kBAAkB,GAAC,IAAI,CAAC,aAAa,CAAC,SAAS,EAAE,GAAC,mCAAmC,GAAC,IAAI,CAAC,aAAa,CAAC,UAAU,EAAE,CAAC,CAAC;oBAE7P,OAAO,CAAC,GAAG,CAAC,6BAA6B,GAAC,KAAK,GAAC,uBAAuB,GAAC,KAAK,CAAC,CAAC;oBAE/E,OAAO,CAAC,GAAG,CAAC,6CAA6C,CAAC,CAAC;oBAC3D,OAAO,CAAC,GAAG,CAAC,IAAI,CAAC,aAAa,CAAC,iBAAiB,EAAE,GAAC,IAAI,GAAC,IAAI,CAAC,SAAS,CAAC,IAAI,CAAC,aAAa,CAAC,CAAC,CAAC;oBAC5F,OAAO,CAAC,GAAG,CAAC,IAAI,CAAC,aAAa,CAAC,iBAAiB,EAAE,GAAC,IAAI,GAAC,IAAI,CAAC,SAAS,CAAC,IAAI,CAAC,aAAa,CAAC,CAAC,CAAC;iBAC/F;gBACD,KAAK,EAAE,CAAC;gBACR,MAAM;aACT;YACD,OAAO,CAAC,GAAG,CAAC,kBAAkB,CAAC,CAAC;SACnC;QACD,IAAI,SAAS,GAAG,KAAK,CAAC;QACtB,IAAI,SAAS,GAAG,KAAK,CAAC;QAEtB,OAAO,CAAC,GAAG,CAAC,+CAA+C,GAAC,IAAI,CAAC,aAAa,CAAC,iBAAiB,EAAE,GAAC,KAAK,GAAC,SAAS,GAAC,wBAAwB,GAAC,IAAI,CAAC,aAAa,CAAC,iBAAiB,EAAE,GAAC,KAAK,GAAC,SAAS,CAAC,CAAC;QAEpM,8BAA8B;QAE9B,IAAG,KAAK,IAAI,CAAC,EAAC;YACV,SAAS,GAAG,CAAC,CAAC;YACd,OAAO,CAAC,GAAG,CAAC,aAAa,GAAC,IAAI,CAAC,aAAa,CAAC,iBAAiB,EAAE,CAAC,CAAC;SAErE;QAAC,IAAI,KAAK,IAAI,CAAC,EAAC;YACb,SAAS,GAAG,CAAC,CAAC;YACd,OAAO,CAAC,GAAG,CAAC,aAAa,GAAC,IAAI,CAAC,aAAa,CAAC,iBAAiB,EAAE,CAAC,CAAC;SACrE;QACD,OAAO,CAAC,SAAS,EAAE,SAAS,CAAC,CAAC;IAClC,CAAC;CACJ;AA9GD,wBA8GC;AAED,IAAI,QAAQ,GAAG,IAAI,iBAAO,CAAC,SAAS,EAAE,EAAE,EAAE,GAAG,EAAE,OAAO,EAAE,CAAC,GAAG,EAAE,EAAE,EAAE,EAAE,EAAE,EAAE,CAAC,CAAC,CAAC;AAC3E,IAAI,QAAQ,GAAG,IAAI,iBAAO,CAAC,SAAS,EAAE,IAAI,EAAE,CAAC,EAAE,QAAQ,EAAE,CAAC,GAAG,EAAE,GAAG,EAAE,EAAE,EAAE,EAAE,CAAC,CAAC,CAAC;AAE7E,IAAI,OAAO,GAAG,IAAI,eAAM,CAAC,WAAW,EAAE,cAAc,EAAE,WAAW,EAAE,CAAC,EAAE,EAAE,EAAE,EAAE,GAAG,EAAE,EAAE,CAAC,CAAC,CAAC;AACtF,IAAI,OAAO,GAAG,IAAI,eAAM,CAAC,UAAU,EAAE,cAAc,EAAE,YAAY,EAAE,CAAC,EAAE,EAAE,EAAE,EAAE,GAAG,EAAE,EAAE,CAAC,CAAC,CAAC;AAEtF,IAAI,OAAO,GAAG,IAAI,wBAAc,CAAC,SAAS,EAAE,MAAM,EAAE,CAAC,GAAG,EAAE,EAAE,EAAE,EAAE,EAAE,EAAE,CAAC,CAAC,CAAC;AACvE,IAAI,OAAO,GAAG,IAAI,wBAAc,CAAC,SAAS,EAAE,MAAM,EAAE,CAAC,GAAG,EAAE,EAAE,EAAE,GAAG,EAAE,EAAE,CAAC,CAAC,CAAC;AACxE,IAAI,OAAO,GAAG,IAAI,wBAAc,CAAC,SAAS,EAAE,QAAQ,EAAE,CAAC,GAAG,EAAE,GAAG,EAAE,EAAE,EAAE,EAAE,CAAC,CAAC,CAAC;AAE1E,IAAI,KAAK,GAAG,IAAI,mBAAQ,CAAC,iBAAiB,EAAE,WAAW,EAAE,MAAM,EAAE,CAAC,GAAG,EAAE,GAAG,EAAE,EAAE,EAAE,GAAG,CAAC,CAAC,CAAC;AACtF,IAAI,KAAK,GAAG,IAAI,mBAAQ,CAAC,OAAO,EAAE,SAAS,EAAE,SAAS,EAAE,CAAC,EAAE,EAAE,EAAE,EAAE,GAAG,EAAE,EAAE,CAAC,CAAC,CAAC;AAC3E,IAAI,MAAM,GAAG,IAAI,mBAAQ,CAAC,QAAQ,EAAE,MAAM,EAAE,MAAM,EAAE,CAAC,EAAE,EAAE,EAAE,EAAE,GAAG,EAAE,EAAE,CAAC,CAAC,CAAC;AAEvE,IAAI,QAAQ,GAAG,IAAI,MAAM,CAAC,QAAQ,EAAE,QAAQ,CAAC,CAAC;AAC9C,IAAI,QAAQ,GAAG,IAAI,MAAM,CAAC,QAAQ,EAAE,OAAO,CAAC,CAAC;AAC7C,IAAI,QAAQ,GAAG,IAAI,MAAM,CAAC,OAAO,EAAE,OAAO,CAAC,CAAC;AAC5C,IAAI,QAAQ,GAAG,IAAI,MAAM,CAAC,OAAO,EAAE,KAAK,CAAC,CAAC;AAC1C,IAAI,QAAQ,GAAG,IAAI,MAAM,CAAC,KAAK,EAAE,MAAM,CAAC,CAAC;AACzC,IAAI,QAAQ,GAAG,IAAI,MAAM,CAAC,OAAO,EAAE,OAAO,CAAC,CAAC;AAC5C,IAAI,QAAQ,GAAG,IAAI,MAAM,CAAC,OAAO,EAAE,OAAO,CAAC,CAAC;AAE5C,OAAO,CAAC,GAAG,CAAC,QAAQ,CAAC,KAAK,EAAE,CAAC,CAAC;AAC9B;;;;;;EAME","sourcesContent":["import { Fighter } from \"./fighter\";\nimport { KimetsuNoYaiba } from \"./kimetsu\";\nimport { Marvel } from \"./marvel\";\nimport { OnePiece } from \"./onepiece\";\nimport { Pokemon } from \"./pokemon\";\n/**\n * EJERCICIO 1.\n * @class Combat, tiene las especificaciones del combate entre luchadores de los mundos de Pokemon | Marvel | KimetsuNoYaiba | OnePiece (Fighter)\n * @param contendiente1 tiene las características del contendiente1 (tuyo)\n * @param contendiente2 tiene las características del contendiente2\n *  (rival)\n */\nexport class Combat {\n    constructor(private contendiente1: Fighter, private contendiente2: Fighter){\n    }\n\n    /**\n     * Getter de la frase del luchador dependiendo del mundo\n     * @param contendiente que dice la frase\n     */\n    public getPhrase(contendiente: Fighter){\n        if(contendiente instanceof Pokemon){\n            return(console.log('Grrrraaawr'));\n        } if(contendiente instanceof Marvel){\n            return(console.log('Traeré la paz al mundo!'));\n        } if(contendiente instanceof KimetsuNoYaiba){\n            return(console.log('Acabaré contigo de manera llamativa!!'));\n        } if(contendiente instanceof OnePiece){  // Mundo OnePiece\n            return(console.log('Por el Rey de los piratas!!'));\n        } else {\n            return(console.log(''));\n        }\n    }\n\n    /**\n     * Método público que inicializa el combate entre luchadores del mismo y distinto mundo\n     * @returns el daño que se inflige en el combate entre luchadores del mismo y distinto mundo\n     */\n    public start(){\n        let efectividad1: number = 1;\n        let efectividad2: number = 1;\n        let daño1: number = 0;\n        let daño2: number = 0;\n\n        let vida1: number = this.contendiente1.getHP();\n        let vida2: number = this.contendiente2.getHP();\n\n        let ronda: number = 0;\n        console.log('\\nInicio del combate!!\\n');\n\n        if(this.contendiente1.getVelocidad() > this.contendiente2.getVelocidad() || this.contendiente2.getVelocidad() > this.contendiente1.getVelocidad()){\n            while (this.contendiente1.getHP() > 0 || this.contendiente2.getHP() > 0){\n                console.log('Luchadores: '+this.contendiente1.getNombreLuchador()+' contra... '+this.contendiente2.getNombreLuchador());\n                console.log('Ronda '+ronda);\n                if(this.contendiente1 instanceof Pokemon && this.contendiente2 instanceof Pokemon){\n                    if (this.contendiente1.getTipo() == \"Fuego\" && this.contendiente2.getTipo() == \"Hierba\" || this.contendiente1.getTipo() == \"Agua\" && this.contendiente2.getTipo() == \"Fuego\" || this.contendiente1.getTipo() == \"Hierba\" && this.contendiente2.getTipo() == \"Agua\" || this.contendiente1.getTipo() == \"Eléctrico\" && this.contendiente2.getTipo() == \"Agua\") {\n                        efectividad1 = efectividad1 * 2;\n                        efectividad2 = efectividad2 * 0.5;\n                    } else if (this.contendiente1.getTipo() == \"Hierba\" && this.contendiente2.getTipo() == \"Fuego\" || this.contendiente1.getTipo() == \"Fuego\" && this.contendiente2.getTipo() == \"Agua\" || this.contendiente1.getTipo() == \"Agua\" && this.contendiente2.getTipo() == \"Hierba\" || this.contendiente1.getTipo() == \"Agua\" && this.contendiente2.getTipo() == \"Eléctrico\") {\n                        efectividad1 = efectividad1 * 0.5;\n                        efectividad2 = efectividad2 * 2;\n                    } else if (this.contendiente1.getTipo() == \"Hierba\" && this.contendiente2.getTipo() == \"Eléctrico\" || this.contendiente1.getTipo() == \"Eléctrico\" && this.contendiente2.getTipo() == \"Hierba\" || this.contendiente1.getTipo() == \"Eléctrico\" && this.contendiente2.getTipo() == \"Fuego\" || this.contendiente1.getTipo() == \"Fuego\" && this.contendiente2.getTipo() == \"Eléctrico\") {\n                        efectividad1 = efectividad1 * 1;\n                        efectividad2 = efectividad2 * 1;\n                    } else {\n                        efectividad1 = efectividad1 * 0.5;\n                        efectividad2 = efectividad2 * 0.5;\n                    }\n\n                    daño1 = 50 * (this.contendiente1.getAtaque() / this.contendiente2.getDefensa()) * efectividad1;\n                    daño1 = Math.round(daño1);\n                    vida1 = vida1 - daño1;\n                    daño2 = 50 * (this.contendiente2.getAtaque() / this.contendiente1.getDefensa()) * efectividad2;\n                    daño2 = Math.round(daño2);\n                    vida2 = vida2 - daño2;\n        \n                    console.log('\\nEl tipo de tu pokemon es: '+this.contendiente1.getTipo()+'\\nContra un pokemon oponente del tipo: '+this.contendiente2.getTipo()+'\\nTu ataque es: '+this.contendiente1.getAtaque()+'\\nContra la defensa de tu rival: '+this.contendiente2.getDefensa());\n\n                    console.log('La vida de tu pokemon es: '+vida1+' y la de tu rival es '+vida2);\n\n                    console.log('\\nLos luchadores tienen algo que decir...\\n');\n                    console.log(this.contendiente1.getNombreLuchador()+': '+this.getPhrase(this.contendiente1));\n                    console.log(this.contendiente2.getNombreLuchador()+': '+this.getPhrase(this.contendiente2));\n\n                } else { //Son de otros mundos o mismo mundo pero NO mismo mundo Pokemon, se rige por quien ataca antes\n                    daño1 = 50 * (this.contendiente1.getAtaque() / this.contendiente2.getDefensa());\n                    daño1 = Math.round(daño1);\n                    vida1 = vida1 - daño1;\n                    daño2 = 50 * (this.contendiente2.getAtaque() / this.contendiente1.getDefensa());\n                    daño2 = Math.round(daño2);\n                    vida2 = vida2 - daño2;\n                    \n                    console.log('\\nEl personaje: '+this.contendiente1.getNombreLuchador()+'\\nContra su oponente: '+this.contendiente2.getNombreLuchador()+'\\nTu ataque es: '+this.contendiente1.getAtaque()+'\\nContra la defensa de tu rival: '+this.contendiente2.getDefensa());\n\n                    console.log('La vida de tu luchador es: '+vida1+' y la de tu rival es '+vida2);\n\n                    console.log('\\nLos luchadores tienen algo que decir...\\n');\n                    console.log(this.contendiente1.getNombreLuchador()+': '+this.getPhrase(this.contendiente1));\n                    console.log(this.contendiente2.getNombreLuchador()+': '+this.getPhrase(this.contendiente2));\n                }\n                ronda++;\n                break;\n            }\n            console.log('Fin del combate!');\n        }\n        let vida_aux1 = vida1;\n        let vida_aux2 = vida2;\n\n        console.log('\\nLa vida de los luchadores es: \\n Luchador1('+this.contendiente1.getNombreLuchador()+'): '+vida_aux1+' y la vida del rival ('+this.contendiente2.getNombreLuchador()+'): '+vida_aux2);\n\n        // No salgan números negativos\n        \n        if(vida1 <= 0){\n            vida_aux1 = 0;\n            console.log('\\nGANADOR: '+this.contendiente2.getNombreLuchador());\n            \n        } if (vida2 <= 0){\n            vida_aux2 = 0;\n            console.log('\\nGANADOR: '+this.contendiente1.getNombreLuchador());\n        }\n        return [vida_aux1, vida_aux2];\n    }\n}\n\nlet pokemon1 = new Pokemon('Flareon', 25, 0.9, 'Fuego', [130, 60, 65, 65]);\nlet pokemon2 = new Pokemon('Leafeon', 25.5, 1, 'Hierba', [110, 130, 95, 65]);\n\nlet marvel1 = new Marvel('Spiderman', 'Hombre araña', 'Mary Jane', [85, 65, 120, 70]);\nlet marvel2 = new Marvel('Superman', 'Super fuerza', 'Criptonita', [75, 95, 113, 75]);\n\nlet tanjiro = new KimetsuNoYaiba('Tanjiro', 'Agua', [115, 90, 60, 95]);\nlet zenitsu = new KimetsuNoYaiba('Zenitsu', 'Rayo', [112, 75, 143, 88]);\nlet inosuke = new KimetsuNoYaiba('Inosuke', 'Bestia', [100, 135, 45, 45]);\n\nlet luffy = new OnePiece('Monkey D. Luffy', 'Paramecia', 'Goma', [120, 100, 90, 100]);\nlet sanji = new OnePiece('Sanji', 'Ninguna', 'Patadas', [95, 67, 122, 72]);\nlet choper = new OnePiece('Choper', 'Zoan', 'Reno', [84, 78, 100, 78]);\n\nlet combate1 = new Combat(pokemon1, pokemon2);\nlet combate2 = new Combat(pokemon2, marvel1);\nlet combate3 = new Combat(marvel2, inosuke);\nlet combate4 = new Combat(tanjiro, sanji);\nlet combate5 = new Combat(luffy, choper);\nlet combate6 = new Combat(marvel1, marvel2);\nlet combate7 = new Combat(tanjiro, zenitsu);\n\nconsole.log(combate1.start());\n/*console.log(combate2.start());\nconsole.log(combate3.start());\nconsole.log(combate4.start());\nconsole.log(combate5.start());\nconsole.log(combate6.start());\nconsole.log(combate7.start());\n*/\n\n"]},"_coverageSchema":"1a1c01bbd47fc00a2c39e90264f33305004495a9","hash":"05aa908ed8640c5013f35860f0b5dd3ede50494f","contentHash":"bb14fd47e71597c077afadf9734035710a7153c7123f780d8829c73a07a9512c"},"/home/usuario/ull-esit-inf-dsi-21-22-prct06-generics-solid-alu0101202952/practica6-clasesgenericas/src/ejercicio-1/pokedex.ts":{"path":"/home/usuario/ull-esit-inf-dsi-21-22-prct06-generics-solid-alu0101202952/practica6-clasesgenericas/src/ejercicio-1/pokedex.ts","statementMap":{"0":{"start":{"line":2,"column":0},"end":{"line":2,"column":62}},"1":{"start":{"line":3,"column":0},"end":{"line":3,"column":25}},"2":{"start":{"line":11,"column":8},"end":{"line":11,"column":37}},"3":{"start":{"line":18,"column":8},"end":{"line":18,"column":39}},"4":{"start":{"line":25,"column":8},"end":{"line":25,"column":38}},"5":{"start":{"line":28,"column":0},"end":{"line":28,"column":26}}},"fnMap":{"0":{"name":"(anonymous_0)","decl":{"start":{"line":10,"column":4},"end":{"line":10,"column":5}},"loc":{"start":{"line":10,"column":33},"end":{"line":12,"column":5}},"line":10},"1":{"name":"(anonymous_1)","decl":{"start":{"line":17,"column":4},"end":{"line":17,"column":5}},"loc":{"start":{"line":17,"column":26},"end":{"line":19,"column":5}},"line":17},"2":{"name":"(anonymous_2)","decl":{"start":{"line":24,"column":4},"end":{"line":24,"column":5}},"loc":{"start":{"line":24,"column":26},"end":{"line":26,"column":5}},"line":24}},"branchMap":{"0":{"loc":{"start":{"line":10,"column":16},"end":{"line":10,"column":31}},"type":"default-arg","locations":[{"start":{"line":10,"column":29},"end":{"line":10,"column":31}}],"line":10}},"s":{"0":1,"1":1,"2":1,"3":1,"4":1,"5":1},"f":{"0":1,"1":1,"2":1},"b":{"0":[0]},"inputSourceMap":{"version":3,"file":"/home/usuario/ull-esit-inf-dsi-21-22-prct06-generics-solid-alu0101202952/practica6-clasesgenericas/src/ejercicio-1/pokedex.ts","sources":["/home/usuario/ull-esit-inf-dsi-21-22-prct06-generics-solid-alu0101202952/practica6-clasesgenericas/src/ejercicio-1/pokedex.ts"],"names":[],"mappings":";;;AAEA;;;;GAIG;AACH,MAAa,OAAO;IAChB,YAAoB,aAAyB,EAAE;QAA3B,eAAU,GAAV,UAAU,CAAiB;IAC/C,CAAC;IAED;;;OAGG;IACI,aAAa,CAAC,MAAc;QAC/B,OAAO,IAAI,CAAC,UAAU,CAAC,MAAM,CAAC,CAAC;IACnC,CAAC;IAED;;;OAGG;IACI,mBAAmB;QACtB,OAAO,IAAI,CAAC,UAAU,CAAC,MAAM,CAAC;IAClC,CAAC;CACJ;AAnBD,0BAmBC;AAED;;GAEG;AACH;;;;;qCAKqC","sourcesContent":["import { Fighter } from \"./fighter\";\n\n/**\n * EJERCICIO 1.\n * @class Pokedex, tiene los luchadores\n * @param luchador tiene el array con los luchadores que lo componen\n */\nexport class Pokedex{\n    constructor(private luchadores: Fighter [] = []) {\n    }\n\n    /**\n     * Getter de los luchadores de la Pokedex\n     * @returns los luchadores\n     */\n    public getLuchadores(indice: number){\n        return this.luchadores[indice];\n    }\n\n    /**\n     * Getter de cuantos luchadores hay en la Pokedex\n     * @returns el número de luchadores\n     */\n    public getNumeroLuchadores(){\n        return this.luchadores.length;\n    }\n}\n\n/**\n * Salidas por pantalla\n */\n/*let pokemon1 = new Pokemon('Flareon', 25, 0.9, 'Fuego', [130, 60, 65, 65]);\nlet pokedex = new Pokedex([pokemon1]);\n\npokedex.setPokemons(pokemon1);\nconsole.log(pokedex);\nconsole.log(pokedex.getPokemons());*/"]},"_coverageSchema":"1a1c01bbd47fc00a2c39e90264f33305004495a9","hash":"637170e848c881c88fbecf314ec05faa5d90af14","contentHash":"9158890dd19c9268316a798666ef924b436024cb374f4f6a224f7a4d0d700355"},"/home/usuario/ull-esit-inf-dsi-21-22-prct06-generics-solid-alu0101202952/practica6-clasesgenericas/src/ejercicio-2/series.ts":{"path":"/home/usuario/ull-esit-inf-dsi-21-22-prct06-generics-solid-alu0101202952/practica6-clasesgenericas/src/ejercicio-2/series.ts","statementMap":{"0":{"start":{"line":2,"column":0},"end":{"line":2,"column":62}},"1":{"start":{"line":3,"column":0},"end":{"line":3,"column":24}},"2":{"start":{"line":14,"column":8},"end":{"line":14,"column":29}},"3":{"start":{"line":15,"column":8},"end":{"line":15,"column":27}},"4":{"start":{"line":16,"column":8},"end":{"line":16,"column":31}},"5":{"start":{"line":17,"column":8},"end":{"line":17,"column":25}},"6":{"start":{"line":24,"column":8},"end":{"line":24,"column":27}},"7":{"start":{"line":31,"column":8},"end":{"line":31,"column":26}},"8":{"start":{"line":38,"column":8},"end":{"line":40,"column":9}},"9":{"start":{"line":38,"column":21},"end":{"line":38,"column":22}},"10":{"start":{"line":39,"column":12},"end":{"line":39,"column":32}},"11":{"start":{"line":41,"column":8},"end":{"line":41,"column":18}},"12":{"start":{"line":48,"column":8},"end":{"line":48,"column":25}},"13":{"start":{"line":51,"column":0},"end":{"line":51,"column":24}}},"fnMap":{"0":{"name":"(anonymous_0)","decl":{"start":{"line":13,"column":4},"end":{"line":13,"column":5}},"loc":{"start":{"line":13,"column":51},"end":{"line":18,"column":5}},"line":13},"1":{"name":"(anonymous_1)","decl":{"start":{"line":23,"column":4},"end":{"line":23,"column":5}},"loc":{"start":{"line":23,"column":16},"end":{"line":25,"column":5}},"line":23},"2":{"name":"(anonymous_2)","decl":{"start":{"line":30,"column":4},"end":{"line":30,"column":5}},"loc":{"start":{"line":30,"column":15},"end":{"line":32,"column":5}},"line":30},"3":{"name":"(anonymous_3)","decl":{"start":{"line":37,"column":4},"end":{"line":37,"column":5}},"loc":{"start":{"line":37,"column":16},"end":{"line":42,"column":5}},"line":37},"4":{"name":"(anonymous_4)","decl":{"start":{"line":47,"column":4},"end":{"line":47,"column":5}},"loc":{"start":{"line":47,"column":14},"end":{"line":49,"column":5}},"line":47}},"branchMap":{"0":{"loc":{"start":{"line":13,"column":31},"end":{"line":13,"column":43}},"type":"default-arg","locations":[{"start":{"line":13,"column":41},"end":{"line":13,"column":43}}],"line":13}},"s":{"0":1,"1":1,"2":6,"3":6,"4":6,"5":6,"6":3,"7":5,"8":1,"9":1,"10":1,"11":0,"12":3,"13":1},"f":{"0":6,"1":3,"2":5,"3":1,"4":3},"b":{"0":[0]},"inputSourceMap":{"version":3,"file":"/home/usuario/ull-esit-inf-dsi-21-22-prct06-generics-solid-alu0101202952/practica6-clasesgenericas/src/ejercicio-2/series.ts","sources":["/home/usuario/ull-esit-inf-dsi-21-22-prct06-generics-solid-alu0101202952/practica6-clasesgenericas/src/ejercicio-2/series.ts"],"names":[],"mappings":";;;AAAA;;;;;;;GAOG;AACH,MAAa,MAAM;IACf,YAAsB,MAAc,EAAY,KAAa,EAAY,UAAoB,EAAE,EAAY,IAAY;QAAjG,WAAM,GAAN,MAAM,CAAQ;QAAY,UAAK,GAAL,KAAK,CAAQ;QAAY,YAAO,GAAP,OAAO,CAAe;QAAY,SAAI,GAAJ,IAAI,CAAQ;IAAE,CAAC;IAE1H;;;OAGG;IACI,SAAS;QACZ,OAAO,IAAI,CAAC,MAAM,CAAC;IACvB,CAAC;IAED;;;OAGG;IACI,QAAQ;QACX,OAAO,IAAI,CAAC,KAAK,CAAC;IACtB,CAAC;IAED;;;OAGG;IACI,SAAS;QACZ,KAAI,IAAI,CAAC,GAAW,CAAC,EAAE,CAAC,GAAG,IAAI,CAAC,OAAO,CAAC,MAAM,EAAE,CAAC,EAAE,EAAE;YACjD,OAAO,IAAI,CAAC,OAAO,CAAC;SACvB;QACD,OAAO,CAAC,CAAC,CAAC;IACd,CAAC;IAED;;;OAGG;IACI,OAAO;QACV,OAAO,IAAI,CAAC,IAAI,CAAC;IACrB,CAAC;CACJ;AArCD,wBAqCC","sourcesContent":["/**\n * EJERCICIO 2 DSIFlix\n * @class Series contiene las series de la plataforma\n * @param nombre de la serie\n * @param autor de la serie\n * @param generos de la serie array de strings\n * @param anio de publicación\n */\nexport class Series{\n    constructor(protected nombre: string, protected autor: string, protected generos: string[] = [], protected anio: number){}\n\n    /**\n     * Getter del nombre de la serie\n     * @returns nombre de la serie\n     */\n    public getNombre(){\n        return this.nombre;\n    }\n\n    /**\n     * Getter del nombre del autor de la serie\n     * @returns nombre del autor de la serie\n     */\n    public getAutor(){\n        return this.autor;\n    }\n\n    /**\n     * Getter del género/s de la serie\n     * @returns género/s de la serie\n     */\n    public getGenero(){\n        for(let i: number = 0; i < this.generos.length; i++) {\n            return this.generos;\n        }\n        return -1;\n    }\n\n    /**\n     * Getter del año de la serie\n     * @returns año de la serie\n     */\n    public getAnio(){\n        return this.anio;\n    }\n}"]},"_coverageSchema":"1a1c01bbd47fc00a2c39e90264f33305004495a9","hash":"1ba03b5356d9d4c5975457e8673e1d383a8f851c","contentHash":"1a3d5f16cd3e5a1efc350b96386408f5f9628983ea0b1b6effc28ec9cecdaa64"},"/home/usuario/ull-esit-inf-dsi-21-22-prct06-generics-solid-alu0101202952/practica6-clasesgenericas/src/ejercicio-2/peliculas.ts":{"path":"/home/usuario/ull-esit-inf-dsi-21-22-prct06-generics-solid-alu0101202952/practica6-clasesgenericas/src/ejercicio-2/peliculas.ts","statementMap":{"0":{"start":{"line":2,"column":0},"end":{"line":2,"column":62}},"1":{"start":{"line":3,"column":0},"end":{"line":3,"column":27}},"2":{"start":{"line":15,"column":8},"end":{"line":15,"column":29}},"3":{"start":{"line":16,"column":8},"end":{"line":16,"column":33}},"4":{"start":{"line":17,"column":8},"end":{"line":17,"column":31}},"5":{"start":{"line":18,"column":8},"end":{"line":18,"column":31}},"6":{"start":{"line":19,"column":8},"end":{"line":19,"column":25}},"7":{"start":{"line":26,"column":8},"end":{"line":26,"column":27}},"8":{"start":{"line":33,"column":8},"end":{"line":33,"column":29}},"9":{"start":{"line":40,"column":8},"end":{"line":42,"column":9}},"10":{"start":{"line":40,"column":21},"end":{"line":40,"column":22}},"11":{"start":{"line":41,"column":12},"end":{"line":41,"column":32}},"12":{"start":{"line":43,"column":8},"end":{"line":43,"column":18}},"13":{"start":{"line":50,"column":8},"end":{"line":52,"column":9}},"14":{"start":{"line":50,"column":21},"end":{"line":50,"column":22}},"15":{"start":{"line":51,"column":12},"end":{"line":51,"column":32}},"16":{"start":{"line":53,"column":8},"end":{"line":53,"column":18}},"17":{"start":{"line":60,"column":8},"end":{"line":60,"column":25}},"18":{"start":{"line":63,"column":0},"end":{"line":63,"column":30}}},"fnMap":{"0":{"name":"(anonymous_0)","decl":{"start":{"line":14,"column":4},"end":{"line":14,"column":5}},"loc":{"start":{"line":14,"column":68},"end":{"line":20,"column":5}},"line":14},"1":{"name":"(anonymous_1)","decl":{"start":{"line":25,"column":4},"end":{"line":25,"column":5}},"loc":{"start":{"line":25,"column":16},"end":{"line":27,"column":5}},"line":25},"2":{"name":"(anonymous_2)","decl":{"start":{"line":32,"column":4},"end":{"line":32,"column":5}},"loc":{"start":{"line":32,"column":18},"end":{"line":34,"column":5}},"line":32},"3":{"name":"(anonymous_3)","decl":{"start":{"line":39,"column":4},"end":{"line":39,"column":5}},"loc":{"start":{"line":39,"column":17},"end":{"line":44,"column":5}},"line":39},"4":{"name":"(anonymous_4)","decl":{"start":{"line":49,"column":4},"end":{"line":49,"column":5}},"loc":{"start":{"line":49,"column":16},"end":{"line":54,"column":5}},"line":49},"5":{"name":"(anonymous_5)","decl":{"start":{"line":59,"column":4},"end":{"line":59,"column":5}},"loc":{"start":{"line":59,"column":14},"end":{"line":61,"column":5}},"line":59}},"branchMap":{"0":{"loc":{"start":{"line":14,"column":34},"end":{"line":14,"column":46}},"type":"default-arg","locations":[{"start":{"line":14,"column":44},"end":{"line":14,"column":46}}],"line":14},"1":{"loc":{"start":{"line":14,"column":48},"end":{"line":14,"column":60}},"type":"default-arg","locations":[{"start":{"line":14,"column":58},"end":{"line":14,"column":60}}],"line":14}},"s":{"0":1,"1":1,"2":6,"3":6,"4":6,"5":6,"6":6,"7":4,"8":3,"9":1,"10":1,"11":1,"12":0,"13":1,"14":1,"15":1,"16":0,"17":4,"18":1},"f":{"0":6,"1":4,"2":3,"3":1,"4":1,"5":4},"b":{"0":[0],"1":[0]},"inputSourceMap":{"version":3,"file":"/home/usuario/ull-esit-inf-dsi-21-22-prct06-generics-solid-alu0101202952/practica6-clasesgenericas/src/ejercicio-2/peliculas.ts","sources":["/home/usuario/ull-esit-inf-dsi-21-22-prct06-generics-solid-alu0101202952/practica6-clasesgenericas/src/ejercicio-2/peliculas.ts"],"names":[],"mappings":";;;AAAA;;;;;;;;GAQG;AACF,MAAa,SAAS;IACnB,YAAsB,MAAc,EAAY,QAAgB,EAAY,UAAoB,EAAE,EAAY,UAAoB,EAAE,EAAY,IAAY;QAAtI,WAAM,GAAN,MAAM,CAAQ;QAAY,aAAQ,GAAR,QAAQ,CAAQ;QAAY,YAAO,GAAP,OAAO,CAAe;QAAY,YAAO,GAAP,OAAO,CAAe;QAAY,SAAI,GAAJ,IAAI,CAAQ;IAAE,CAAC;IAE/J;;;OAGG;IACI,SAAS;QACZ,OAAO,IAAI,CAAC,MAAM,CAAC;IACvB,CAAC;IAED;;;OAGG;IACI,WAAW;QACd,OAAO,IAAI,CAAC,QAAQ,CAAC;IACzB,CAAC;IAED;;;OAGG;IACK,UAAU;QACd,KAAI,IAAI,CAAC,GAAW,CAAC,EAAE,CAAC,GAAG,IAAI,CAAC,OAAO,CAAC,MAAM,EAAE,CAAC,EAAE,EAAE;YACjD,OAAO,IAAI,CAAC,OAAO,CAAC;SACvB;QACD,OAAO,CAAC,CAAC,CAAC;IACd,CAAC;IAED;;;OAGG;IACI,SAAS;QACZ,KAAI,IAAI,CAAC,GAAW,CAAC,EAAE,CAAC,GAAG,IAAI,CAAC,OAAO,CAAC,MAAM,EAAE,CAAC,EAAE,EAAE;YACjD,OAAO,IAAI,CAAC,OAAO,CAAC;SACvB;QACD,OAAO,CAAC,CAAC,CAAC;IACd,CAAC;IAED;;;OAGG;IACI,OAAO;QACV,OAAO,IAAI,CAAC,IAAI,CAAC;IACrB,CAAC;CACJ;AAhDA,8BAgDA","sourcesContent":["/**\n * EJERCICIO 2 DSIFlix\n * @class Peliculas contiene las peliculas de la plataforma\n * @param nombre de la peliculas\n * @param director de la peliculas\n * @param actores de la peliculas\n * @param generos de la pelicula array de strings\n * @param anio de publicación\n */\n export class Peliculas{\n    constructor(protected nombre: string, protected director: string, protected actores: string[] = [], protected generos: string[] = [], protected anio: number){}\n\n    /**\n     * Getter del nombre de la pelicula\n     * @returns nombre de la pelicula\n     */\n    public getNombre(){\n        return this.nombre;\n    }\n\n    /**\n     * Getter del nombre del director de la pelicula\n     * @returns nombre del director de la pelicula\n     */\n    public getDirector(){\n        return this.director;\n    }\n\n    /**\n     * Getter de los actores y actrices de la película\n     * @returns actores y actrices de la película\n     */\n     public getActores(){\n        for(let i: number = 0; i < this.actores.length; i++) {\n            return this.actores;\n        }\n        return -1;\n    }\n\n    /**\n     * Getter del género/s de la pelicula\n     * @returns género/s de la pelicula\n     */\n    public getGenero(){\n        for(let i: number = 0; i < this.generos.length; i++) {\n            return this.generos;\n        }\n        return -1;\n    }\n\n    /**\n     * Getter del año de la pelicula\n     * @returns año de la pelicula\n     */\n    public getAnio(){\n        return this.anio;\n    }\n}"]},"_coverageSchema":"1a1c01bbd47fc00a2c39e90264f33305004495a9","hash":"0c89743bf377a074d7b2bee104beba717fc615fb","contentHash":"54dbb376bef411cb0c31664f0c86eda4c5bee32b43ce9960d8771e8f845e9191"},"/home/usuario/ull-esit-inf-dsi-21-22-prct06-generics-solid-alu0101202952/practica6-clasesgenericas/src/ejercicio-2/documentales.ts":{"path":"/home/usuario/ull-esit-inf-dsi-21-22-prct06-generics-solid-alu0101202952/practica6-clasesgenericas/src/ejercicio-2/documentales.ts","statementMap":{"0":{"start":{"line":2,"column":0},"end":{"line":2,"column":62}},"1":{"start":{"line":3,"column":0},"end":{"line":3,"column":30}},"2":{"start":{"line":14,"column":8},"end":{"line":14,"column":29}},"3":{"start":{"line":15,"column":8},"end":{"line":15,"column":33}},"4":{"start":{"line":16,"column":8},"end":{"line":16,"column":31}},"5":{"start":{"line":17,"column":8},"end":{"line":17,"column":25}},"6":{"start":{"line":24,"column":8},"end":{"line":24,"column":27}},"7":{"start":{"line":31,"column":8},"end":{"line":31,"column":29}},"8":{"start":{"line":38,"column":8},"end":{"line":40,"column":9}},"9":{"start":{"line":38,"column":21},"end":{"line":38,"column":22}},"10":{"start":{"line":39,"column":12},"end":{"line":39,"column":32}},"11":{"start":{"line":41,"column":8},"end":{"line":41,"column":18}},"12":{"start":{"line":48,"column":8},"end":{"line":48,"column":25}},"13":{"start":{"line":51,"column":0},"end":{"line":51,"column":36}}},"fnMap":{"0":{"name":"(anonymous_0)","decl":{"start":{"line":13,"column":4},"end":{"line":13,"column":5}},"loc":{"start":{"line":13,"column":54},"end":{"line":18,"column":5}},"line":13},"1":{"name":"(anonymous_1)","decl":{"start":{"line":23,"column":4},"end":{"line":23,"column":5}},"loc":{"start":{"line":23,"column":16},"end":{"line":25,"column":5}},"line":23},"2":{"name":"(anonymous_2)","decl":{"start":{"line":30,"column":4},"end":{"line":30,"column":5}},"loc":{"start":{"line":30,"column":18},"end":{"line":32,"column":5}},"line":30},"3":{"name":"(anonymous_3)","decl":{"start":{"line":37,"column":4},"end":{"line":37,"column":5}},"loc":{"start":{"line":37,"column":16},"end":{"line":42,"column":5}},"line":37},"4":{"name":"(anonymous_4)","decl":{"start":{"line":47,"column":4},"end":{"line":47,"column":5}},"loc":{"start":{"line":47,"column":14},"end":{"line":49,"column":5}},"line":47}},"branchMap":{"0":{"loc":{"start":{"line":13,"column":34},"end":{"line":13,"column":46}},"type":"default-arg","locations":[{"start":{"line":13,"column":44},"end":{"line":13,"column":46}}],"line":13}},"s":{"0":1,"1":1,"2":4,"3":4,"4":4,"5":4,"6":5,"7":3,"8":1,"9":1,"10":1,"11":0,"12":5,"13":1},"f":{"0":4,"1":5,"2":3,"3":1,"4":5},"b":{"0":[0]},"inputSourceMap":{"version":3,"file":"/home/usuario/ull-esit-inf-dsi-21-22-prct06-generics-solid-alu0101202952/practica6-clasesgenericas/src/ejercicio-2/documentales.ts","sources":["/home/usuario/ull-esit-inf-dsi-21-22-prct06-generics-solid-alu0101202952/practica6-clasesgenericas/src/ejercicio-2/documentales.ts"],"names":[],"mappings":";;;AAAA;;;;;;;GAOG;AACF,MAAa,YAAY;IACtB,YAAsB,MAAc,EAAY,QAAgB,EAAY,UAAoB,EAAE,EAAY,IAAY;QAApG,WAAM,GAAN,MAAM,CAAQ;QAAY,aAAQ,GAAR,QAAQ,CAAQ;QAAY,YAAO,GAAP,OAAO,CAAe;QAAY,SAAI,GAAJ,IAAI,CAAQ;IAAE,CAAC;IAE7H;;;OAGG;IACI,SAAS;QACZ,OAAO,IAAI,CAAC,MAAM,CAAC;IACvB,CAAC;IAED;;;OAGG;IACI,WAAW;QACd,OAAO,IAAI,CAAC,QAAQ,CAAC;IACzB,CAAC;IAED;;;OAGG;IACI,SAAS;QACZ,KAAI,IAAI,CAAC,GAAW,CAAC,EAAE,CAAC,GAAG,IAAI,CAAC,OAAO,CAAC,MAAM,EAAE,CAAC,EAAE,EAAE;YACjD,OAAO,IAAI,CAAC,OAAO,CAAC;SACvB;QACD,OAAO,CAAC,CAAC,CAAC;IACd,CAAC;IAED;;;OAGG;IACI,OAAO;QACV,OAAO,IAAI,CAAC,IAAI,CAAC;IACrB,CAAC;CACJ;AArCA,oCAqCA","sourcesContent":["/**\n * EJERCICIO 2 DSIFlix\n * @class Documentales contiene los documentales de la plataforma\n * @param nombre del documental\n * @param director del documental\n * @param generos del documental array de strings\n * @param anio de publicación\n */\n export class Documentales{\n    constructor(protected nombre: string, protected director: string, protected generos: string[] = [], protected anio: number){}\n\n    /**\n     * Getter del nombre del documental\n     * @returns nombre del documental\n     */\n    public getNombre(){\n        return this.nombre;\n    }\n\n    /**\n     * Getter del nombre del director del documental\n     * @returns nombre del director del documental\n     */\n    public getDirector(){\n        return this.director;\n    }\n\n    /**\n     * Getter del género/s del documental\n     * @returns género/s del documental\n     */\n    public getGenero(){\n        for(let i: number = 0; i < this.generos.length; i++) {\n            return this.generos;\n        }\n        return -1;\n    }\n\n    /**\n     * Getter del año del documental\n     * @returns año del documental\n     */\n    public getAnio(){\n        return this.anio;\n    }\n}"]},"_coverageSchema":"1a1c01bbd47fc00a2c39e90264f33305004495a9","hash":"83244298de2a12cefba580efe216bf1c14d79974","contentHash":"eaf1ebfa058ffb38ee72047d3f0da025fd0b29aba8e1303ce1f369ab05de741b"},"/home/usuario/ull-esit-inf-dsi-21-22-prct06-generics-solid-alu0101202952/practica6-clasesgenericas/src/ejercicio-2/coleccionseries.ts":{"path":"/home/usuario/ull-esit-inf-dsi-21-22-prct06-generics-solid-alu0101202952/practica6-clasesgenericas/src/ejercicio-2/coleccionseries.ts","statementMap":{"0":{"start":{"line":2,"column":0},"end":{"line":2,"column":62}},"1":{"start":{"line":3,"column":0},"end":{"line":3,"column":33}},"2":{"start":{"line":4,"column":36},"end":{"line":4,"column":74}},"3":{"start":{"line":5,"column":17},"end":{"line":5,"column":36}},"4":{"start":{"line":13,"column":8},"end":{"line":13,"column":22}},"5":{"start":{"line":14,"column":8},"end":{"line":14,"column":29}},"6":{"start":{"line":22,"column":24},"end":{"line":22,"column":26}},"7":{"start":{"line":23,"column":8},"end":{"line":30,"column":9}},"8":{"start":{"line":23,"column":21},"end":{"line":23,"column":22}},"9":{"start":{"line":24,"column":12},"end":{"line":29,"column":13}},"10":{"start":{"line":25,"column":16},"end":{"line":25,"column":47}},"11":{"start":{"line":28,"column":16},"end":{"line":28,"column":58}},"12":{"start":{"line":31,"column":8},"end":{"line":31,"column":25}},"13":{"start":{"line":39,"column":24},"end":{"line":39,"column":26}},"14":{"start":{"line":40,"column":8},"end":{"line":47,"column":9}},"15":{"start":{"line":40,"column":21},"end":{"line":40,"column":22}},"16":{"start":{"line":41,"column":12},"end":{"line":46,"column":13}},"17":{"start":{"line":42,"column":16},"end":{"line":42,"column":47}},"18":{"start":{"line":45,"column":16},"end":{"line":45,"column":58}},"19":{"start":{"line":48,"column":8},"end":{"line":48,"column":25}},"20":{"start":{"line":56,"column":24},"end":{"line":56,"column":26}},"21":{"start":{"line":57,"column":8},"end":{"line":64,"column":9}},"22":{"start":{"line":57,"column":21},"end":{"line":57,"column":22}},"23":{"start":{"line":58,"column":12},"end":{"line":63,"column":13}},"24":{"start":{"line":59,"column":16},"end":{"line":59,"column":47}},"25":{"start":{"line":62,"column":16},"end":{"line":62,"column":58}},"26":{"start":{"line":65,"column":8},"end":{"line":65,"column":25}},"27":{"start":{"line":68,"column":0},"end":{"line":68,"column":42}},"28":{"start":{"line":69,"column":13},"end":{"line":69,"column":127}},"29":{"start":{"line":70,"column":13},"end":{"line":70,"column":113}},"30":{"start":{"line":71,"column":13},"end":{"line":71,"column":85}},"31":{"start":{"line":72,"column":22},"end":{"line":72,"column":67}},"32":{"start":{"line":73,"column":0},"end":{"line":73,"column":43}},"33":{"start":{"line":74,"column":0},"end":{"line":74,"column":37}},"34":{"start":{"line":75,"column":0},"end":{"line":75,"column":56}},"35":{"start":{"line":76,"column":0},"end":{"line":76,"column":29}}},"fnMap":{"0":{"name":"(anonymous_0)","decl":{"start":{"line":12,"column":4},"end":{"line":12,"column":5}},"loc":{"start":{"line":12,"column":24},"end":{"line":15,"column":5}},"line":12},"1":{"name":"(anonymous_1)","decl":{"start":{"line":21,"column":4},"end":{"line":21,"column":5}},"loc":{"start":{"line":21,"column":27},"end":{"line":32,"column":5}},"line":21},"2":{"name":"(anonymous_2)","decl":{"start":{"line":38,"column":4},"end":{"line":38,"column":5}},"loc":{"start":{"line":38,"column":25},"end":{"line":49,"column":5}},"line":38},"3":{"name":"(anonymous_3)","decl":{"start":{"line":55,"column":4},"end":{"line":55,"column":5}},"loc":{"start":{"line":55,"column":28},"end":{"line":66,"column":5}},"line":55}},"branchMap":{"0":{"loc":{"start":{"line":24,"column":12},"end":{"line":29,"column":13}},"type":"if","locations":[{"start":{"line":24,"column":12},"end":{"line":29,"column":13}},{"start":{"line":24,"column":12},"end":{"line":29,"column":13}}],"line":24},"1":{"loc":{"start":{"line":41,"column":12},"end":{"line":46,"column":13}},"type":"if","locations":[{"start":{"line":41,"column":12},"end":{"line":46,"column":13}},{"start":{"line":41,"column":12},"end":{"line":46,"column":13}}],"line":41},"2":{"loc":{"start":{"line":58,"column":12},"end":{"line":63,"column":13}},"type":"if","locations":[{"start":{"line":58,"column":12},"end":{"line":63,"column":13}},{"start":{"line":58,"column":12},"end":{"line":63,"column":13}}],"line":58}},"s":{"0":1,"1":1,"2":1,"3":1,"4":2,"5":2,"6":2,"7":2,"8":2,"9":2,"10":0,"11":2,"12":0,"13":2,"14":2,"15":2,"16":2,"17":0,"18":2,"19":0,"20":2,"21":2,"22":2,"23":4,"24":2,"25":2,"26":0,"27":1,"28":1,"29":1,"30":1,"31":1,"32":1,"33":1,"34":1,"35":1},"f":{"0":2,"1":2,"2":2,"3":2},"b":{"0":[0,2],"1":[0,2],"2":[2,2]},"inputSourceMap":{"version":3,"file":"/home/usuario/ull-esit-inf-dsi-21-22-prct06-generics-solid-alu0101202952/practica6-clasesgenericas/src/ejercicio-2/coleccionseries.ts","sources":["/home/usuario/ull-esit-inf-dsi-21-22-prct06-generics-solid-alu0101202952/practica6-clasesgenericas/src/ejercicio-2/coleccionseries.ts"],"names":[],"mappings":";;;AAAA,2EAAwE;AACxE,qCAAkC;AAElC;;;;GAIG;AACH,MAAa,eAAgB,SAAQ,qDAAiC;IAClE,YAAsB,MAAgB;QAClC,KAAK,CAAC,MAAM,CAAC,CAAC;QADI,WAAM,GAAN,MAAM,CAAU;IAEtC,CAAC;IAED;;;;OAIG;IACI,cAAc,CAAC,MAAc;QAChC,IAAI,SAAS,GAAa,EAAE,CAAC;QAC7B,KAAI,IAAI,CAAC,GAAW,CAAC,EAAE,CAAC,GAAG,IAAI,CAAC,MAAM,CAAC,MAAM,EAAE,CAAC,EAAE,EAAE;YAChD,IAAG,IAAI,CAAC,MAAM,CAAC,CAAC,CAAC,CAAC,SAAS,EAAE,IAAI,MAAM,EAAC;gBACpC,SAAS,CAAC,IAAI,CAAC,IAAI,CAAC,MAAM,CAAC,CAAC,CAAC,CAAC,CAAC;aAClC;iBAAK;gBACF,OAAO,OAAO,CAAC,GAAG,CAAC,qBAAqB,CAAC,CAAC;aAC7C;SACJ;QACD,OAAO,SAAS,CAAC;IACrB,CAAC;IAED;;;;OAIG;IACI,cAAc,CAAC,IAAY;QAC9B,IAAI,SAAS,GAAa,EAAE,CAAC;QAC7B,KAAI,IAAI,CAAC,GAAW,CAAC,EAAE,CAAC,GAAG,IAAI,CAAC,MAAM,CAAC,MAAM,EAAE,CAAC,EAAE,EAAE;YAChD,IAAG,IAAI,CAAC,MAAM,CAAC,CAAC,CAAC,CAAC,OAAO,EAAE,IAAI,IAAI,EAAC;gBAChC,SAAS,CAAC,IAAI,CAAC,IAAI,CAAC,MAAM,CAAC,CAAC,CAAC,CAAC,CAAC;aAClC;iBAAK;gBACF,OAAO,OAAO,CAAC,GAAG,CAAC,qBAAqB,CAAC,CAAC;aAC7C;SACJ;QACD,OAAO,SAAS,CAAC;IACrB,CAAC;IAED;;;;OAIG;IACI,gBAAgB,CAAC,KAAa;QACjC,IAAI,SAAS,GAAa,EAAE,CAAC;QAC7B,KAAI,IAAI,CAAC,GAAW,CAAC,EAAE,CAAC,GAAG,IAAI,CAAC,MAAM,CAAC,MAAM,EAAE,CAAC,EAAE,EAAE;YAChD,IAAG,IAAI,CAAC,MAAM,CAAC,CAAC,CAAC,CAAC,QAAQ,EAAE,IAAI,KAAK,EAAC;gBAClC,SAAS,CAAC,IAAI,CAAC,IAAI,CAAC,MAAM,CAAC,CAAC,CAAC,CAAC,CAAC;aAClC;iBAAK;gBACF,OAAO,OAAO,CAAC,GAAG,CAAC,qBAAqB,CAAC,CAAC;aAC7C;SACJ;QACD,OAAO,SAAS,CAAC;IACrB,CAAC;CAEJ;AAxDD,0CAwDC;AAED,IAAI,MAAM,GAAG,IAAI,eAAM,CAAC,iBAAiB,EAAE,qBAAqB,EAAE,CAAC,UAAU,EAAE,OAAO,EAAE,UAAU,EAAE,UAAU,CAAC,EAAE,IAAI,CAAC,CAAC;AACvH,IAAI,MAAM,GAAG,IAAI,eAAM,CAAC,UAAU,EAAE,eAAe,EAAE,CAAC,WAAW,EAAE,OAAO,EAAE,UAAU,EAAE,QAAQ,CAAC,EAAE,IAAI,CAAC,CAAC;AACzG,IAAI,MAAM,GAAG,IAAI,eAAM,CAAC,UAAU,EAAE,mBAAmB,EAAE,CAAC,UAAU,CAAC,EAAE,IAAI,CAAC,CAAC;AAC7E,IAAI,eAAe,GAAG,IAAI,eAAe,CAAC,CAAC,MAAM,EAAE,MAAM,EAAE,MAAM,CAAC,CAAC,CAAC;AAEpE,eAAe,CAAC,cAAc,CAAC,UAAU,CAAC,CAAC;AAC3C,eAAe,CAAC,cAAc,CAAC,IAAI,CAAC,CAAC;AACrC,eAAe,CAAC,gBAAgB,CAAC,qBAAqB,CAAC,CAAC;AAExD,OAAO,CAAC,GAAG,CAAC,eAAe,CAAC,CAAC","sourcesContent":["import { BasicStreamableCollection } from \"./basicstreamablecollection\";\nimport { Series } from \"./series\";\n\n/**\n * EJERCICIO 2: DXIFlix\n * @class ColeccionSeries extiende de BasicStreamableCollection<Series> especializado en series\n * @param videos tipo Series que tiene todas las series de la plataforma\n */\nexport class ColeccionSeries extends BasicStreamableCollection<Series>{\n    constructor(protected videos: Series[]){\n        super(videos);\n    }\n\n    /**\n     * Getter Serie por el nombre\n     * @param nombre de la serie a encontrar\n     * @returns la serie si existe o una sentencia porque no la encontró\n     */\n    public getVideoByName(nombre: string){\n        let resultado: Series []= [];\n        for(let i: number = 0; i < this.videos.length; i++) {\n            if(this.videos[i].getNombre() == nombre){\n                resultado.push(this.videos[i]);\n            } else{\n                return console.log('Serie no encontrada');\n            }\n        }\n        return resultado;\n    }\n\n    /**\n     * Getter Serie por el año\n     * @param anio de la serie a encontrar\n     * @returns la serie si existe o una sentencia porque no la encontró\n     */\n    public getVideoByYear(anio: number){\n        let resultado: Series []= [];\n        for(let i: number = 0; i < this.videos.length; i++) {\n            if(this.videos[i].getAnio() == anio){\n                resultado.push(this.videos[i]);\n            } else{\n                return console.log('Serie no encontrada');\n            }\n        }\n        return resultado;\n    }\n\n    /**\n     * Getter Serie por el autor\n     * @param autor de la serie a encontrar\n     * @returns la serie si existe o una sentencia porque no la encontró\n     */\n    public getVideoByAuthor(autor: string){\n        let resultado: Series []= [];\n        for(let i: number = 0; i < this.videos.length; i++) {\n            if(this.videos[i].getAutor() == autor){\n                resultado.push(this.videos[i]);\n            } else{\n                return console.log('Serie no encontrada');\n            }\n        }\n        return resultado;\n    }\n\n}\n\nlet serie1 = new Series('Juego de Tronos', 'George R. R. Martin', ['Aventura', 'Drama', 'Fantasía', 'Medieval'], 1996);\nlet serie2 = new Series('Vikingos', 'Michael Hirst', ['Histórico', 'Drama', 'Fantasía', 'Acción'], 2013);\nlet serie3 = new Series('Fugitiva', 'Joaquín Oristrell', ['Thriller'], 2018);\nlet coleccionseries = new ColeccionSeries([serie1, serie2, serie3]);\n\ncoleccionseries.getVideoByName('Fugitiva');\ncoleccionseries.getVideoByYear(2013);\ncoleccionseries.getVideoByAuthor('George R. R. Martin');\n\nconsole.log(coleccionseries);"]},"_coverageSchema":"1a1c01bbd47fc00a2c39e90264f33305004495a9","hash":"4d1340ef89da431a62fe7cc34429a1932760935e","contentHash":"704c307e0097bb5ef4c8257786b9824155d3177f5647cd59d287280d28aa13c9"},"/home/usuario/ull-esit-inf-dsi-21-22-pr
[...]
:0},"end":{"line":68,"column":54}},"28":{"start":{"line":69,"column":18},"end":{"line":69,"column":115}},"29":{"start":{"line":70,"column":18},"end":{"line":70,"column":122}},"30":{"start":{"line":71,"column":28},"end":{"line":71,"column":81}},"31":{"start":{"line":72,"column":0},"end":{"line":72,"column":51}},"32":{"start":{"line":73,"column":0},"end":{"line":73,"column":43}},"33":{"start":{"line":74,"column":0},"end":{"line":74,"column":64}},"34":{"start":{"line":75,"column":0},"end":{"line":75,"column":35}}},"fnMap":{"0":{"name":"(anonymous_0)","decl":{"start":{"line":12,"column":4},"end":{"line":12,"column":5}},"loc":{"start":{"line":12,"column":24},"end":{"line":15,"column":5}},"line":12},"1":{"name":"(anonymous_1)","decl":{"start":{"line":21,"column":4},"end":{"line":21,"column":5}},"loc":{"start":{"line":21,"column":27},"end":{"line":32,"column":5}},"line":21},"2":{"name":"(anonymous_2)","decl":{"start":{"line":38,"column":4},"end":{"line":38,"column":5}},"loc":{"start":{"line":38,"column":25},"end":{"line":49,"column":5}},"line":38},"3":{"name":"(anonymous_3)","decl":{"start":{"line":55,"column":4},"end":{"line":55,"column":5}},"loc":{"start":{"line":55,"column":28},"end":{"line":66,"column":5}},"line":55}},"branchMap":{"0":{"loc":{"start":{"line":24,"column":12},"end":{"line":29,"column":13}},"type":"if","locations":[{"start":{"line":24,"column":12},"end":{"line":29,"column":13}},{"start":{"line":24,"column":12},"end":{"line":29,"column":13}}],"line":24},"1":{"loc":{"start":{"line":41,"column":12},"end":{"line":46,"column":13}},"type":"if","locations":[{"start":{"line":41,"column":12},"end":{"line":46,"column":13}},{"start":{"line":41,"column":12},"end":{"line":46,"column":13}}],"line":41},"2":{"loc":{"start":{"line":58,"column":12},"end":{"line":63,"column":13}},"type":"if","locations":[{"start":{"line":58,"column":12},"end":{"line":63,"column":13}},{"start":{"line":58,"column":12},"end":{"line":63,"column":13}}],"line":58}},"s":{"0":1,"1":1,"2":1,"3":1,"4":2,"5":2,"6":2,"7":2,"8":2,"9":4,"10":2,"11":2,"12":0,"13":2,"14":2,"15":2,"16":4,"17":2,"18":2,"19":0,"20":2,"21":2,"22":2,"23":2,"24":0,"25":2,"26":0,"27":1,"28":1,"29":1,"30":1,"31":1,"32":1,"33":1,"34":1},"f":{"0":2,"1":2,"2":2,"3":2},"b":{"0":[2,2],"1":[2,2],"2":[0,2]},"inputSourceMap":{"version":3,"file":"/home/usuario/ull-esit-inf-dsi-21-22-prct06-generics-solid-alu0101202952/practica6-clasesgenericas/src/ejercicio-2/colecciondocumentales.ts","sources":["/home/usuario/ull-esit-inf-dsi-21-22-prct06-generics-solid-alu0101202952/practica6-clasesgenericas/src/ejercicio-2/colecciondocumentales.ts"],"names":[],"mappings":";;;AAAA,2EAAwE;AACxE,iDAA8C;AAE9C;;;;GAIG;AACH,MAAa,qBAAsB,SAAQ,qDAAuC;IAC9E,YAAsB,MAAsB;QACxC,KAAK,CAAC,MAAM,CAAC,CAAC;QADI,WAAM,GAAN,MAAM,CAAgB;IAE5C,CAAC;IAED;;;;OAIG;IACI,cAAc,CAAC,MAAc;QAChC,IAAI,SAAS,GAAmB,EAAE,CAAC;QACnC,KAAI,IAAI,CAAC,GAAW,CAAC,EAAE,CAAC,GAAG,IAAI,CAAC,MAAM,CAAC,MAAM,EAAE,CAAC,EAAE,EAAE;YAChD,IAAG,IAAI,CAAC,MAAM,CAAC,CAAC,CAAC,CAAC,SAAS,EAAE,IAAI,MAAM,EAAC;gBACpC,SAAS,CAAC,IAAI,CAAC,IAAI,CAAC,MAAM,CAAC,CAAC,CAAC,CAAC,CAAC;aAClC;iBAAK;gBACF,OAAO,OAAO,CAAC,GAAG,CAAC,0BAA0B,CAAC,CAAC;aAClD;SACJ;QACD,OAAO,SAAS,CAAC;IACrB,CAAC;IAED;;;;OAIG;IACI,cAAc,CAAC,IAAY;QAC9B,IAAI,SAAS,GAAmB,EAAE,CAAC;QACnC,KAAI,IAAI,CAAC,GAAW,CAAC,EAAE,CAAC,GAAG,IAAI,CAAC,MAAM,CAAC,MAAM,EAAE,CAAC,EAAE,EAAE;YAChD,IAAG,IAAI,CAAC,MAAM,CAAC,CAAC,CAAC,CAAC,OAAO,EAAE,IAAI,IAAI,EAAC;gBAChC,SAAS,CAAC,IAAI,CAAC,IAAI,CAAC,MAAM,CAAC,CAAC,CAAC,CAAC,CAAC;aAClC;iBAAK;gBACF,OAAO,OAAO,CAAC,GAAG,CAAC,4BAA4B,CAAC,CAAC;aACpD;SACJ;QACD,OAAO,SAAS,CAAC;IACrB,CAAC;IAED;;;;OAIG;IACI,gBAAgB,CAAC,KAAa;QACjC,IAAI,SAAS,GAAmB,EAAE,CAAC;QACnC,KAAI,IAAI,CAAC,GAAW,CAAC,EAAE,CAAC,GAAG,IAAI,CAAC,MAAM,CAAC,MAAM,EAAE,CAAC,EAAE,EAAE;YAChD,IAAG,IAAI,CAAC,MAAM,CAAC,CAAC,CAAC,CAAC,WAAW,EAAE,IAAI,KAAK,EAAC;gBACrC,SAAS,CAAC,IAAI,CAAC,IAAI,CAAC,MAAM,CAAC,CAAC,CAAC,CAAC,CAAC;aAClC;iBAAK;gBACF,OAAO,OAAO,CAAC,GAAG,CAAC,4BAA4B,CAAC,CAAC;aACpD;SACJ;QACD,OAAO,SAAS,CAAC;IACrB,CAAC;CAEJ;AAxDD,sDAwDC;AAGD,IAAI,WAAW,GAAG,IAAI,2BAAY,CAAC,YAAY,EAAE,4BAA4B,EAAE,CAAC,YAAY,CAAC,EAAE,IAAI,CAAC,CAAC;AACrG,IAAI,WAAW,GAAG,IAAI,2BAAY,CAAC,4BAA4B,EAAE,uBAAuB,EAAE,CAAC,QAAQ,CAAC,EAAE,IAAI,CAAC,CAAC;AAC5G,IAAI,qBAAqB,GAAG,IAAI,qBAAqB,CAAC,CAAC,WAAW,EAAE,WAAW,CAAC,CAAC,CAAA;AAEjF,qBAAqB,CAAC,cAAc,CAAC,YAAY,CAAC,CAAC;AACnD,qBAAqB,CAAC,cAAc,CAAC,IAAI,CAAC,CAAC;AAC3C,qBAAqB,CAAC,gBAAgB,CAAC,uBAAuB,CAAC,CAAC;AAEhE,OAAO,CAAC,GAAG,CAAC,qBAAqB,CAAC,CAAC","sourcesContent":["import { BasicStreamableCollection } from \"./basicstreamablecollection\";\nimport { Documentales } from \"./documentales\";\n\n/**\n * EJERCICIO 2: DXIFlix\n * @class ColeccionDocumentales extiende de BasicStreamableCollection<Documentales> especializado en Documentales\n * @param videos tipo Documentales que tiene todos los Documentales de la plataforma\n */\nexport class ColeccionDocumentales extends BasicStreamableCollection<Documentales>{\n    constructor(protected videos: Documentales[]){\n        super(videos);\n    }\n\n    /**\n     * Getter Documentales por el nombre\n     * @param nombre de la Documentales a encontrar\n     * @returns la Documentales si existe o una sentencia porque no la encontró\n     */\n    public getVideoByName(nombre: string){\n        let resultado: Documentales []= [];\n        for(let i: number = 0; i < this.videos.length; i++) {\n            if(this.videos[i].getNombre() == nombre){\n                resultado.push(this.videos[i]);\n            } else{\n                return console.log('Documental no encontrado');\n            }\n        }\n        return resultado;\n    }\n\n    /**\n     * Getter Documentales por el año\n     * @param anio de la Documentales a encontrar\n     * @returns la Documentales si existe o una sentencia porque no la encontró\n     */\n    public getVideoByYear(anio: number){\n        let resultado: Documentales []= [];\n        for(let i: number = 0; i < this.videos.length; i++) {\n            if(this.videos[i].getAnio() == anio){\n                resultado.push(this.videos[i]);\n            } else{\n                return console.log('Documentales no encontrado');\n            }\n        }\n        return resultado;\n    }\n\n    /**\n     * Getter Documentales por el autor\n     * @param autor de la Documentales a encontrar\n     * @returns la Documentales si existe o una sentencia porque no la encontró\n     */\n    public getVideoByAuthor(autor: string){\n        let resultado: Documentales []= [];\n        for(let i: number = 0; i < this.videos.length; i++) {\n            if(this.videos[i].getDirector() == autor){\n                resultado.push(this.videos[i]);\n            } else{\n                return console.log('Documentales no encontrado');\n            }\n        }\n        return resultado;\n    }\n\n}\n\n\nlet documental1 = new Documentales('Los zorros', 'National Geographic España', ['Naturaleza'], 2017);\nlet documental2 = new Documentales('Viaje al centro de la tele', 'Pedro Santos Movellán', ['Música'], 2013);\nlet colecciondocumentales = new ColeccionDocumentales([documental1, documental2])\n\ncolecciondocumentales.getVideoByName('Los zorros');\ncolecciondocumentales.getVideoByYear(2017);\ncolecciondocumentales.getVideoByAuthor('Pedro Santos Movellán');\n\nconsole.log(colecciondocumentales);"]},"_coverageSchema":"1a1c01bbd47fc00a2c39e90264f33305004495a9","hash":"09583d240365bf1f0fd433c897c8a4d24c16be0d","contentHash":"b2dc5acaf4b09d48082bf6b31e04d8db87932b6eac04748d5cbe4c80cff1ec20"},"/home/usuario/ull-esit-inf-dsi-21-22-prct06-generics-solid-alu0101202952/practica6-clasesgenericas/src/ejercicio-3/mensaje.ts":{"path":"/home/usuario/ull-esit-inf-dsi-21-22-prct06-generics-solid-alu0101202952/practica6-clasesgenericas/src/ejercicio-3/mensaje.ts","statementMap":{"0":{"start":{"line":2,"column":0},"end":{"line":2,"column":62}},"1":{"start":{"line":3,"column":0},"end":{"line":3,"column":25}},"2":{"start":{"line":11,"column":8},"end":{"line":11,"column":31}},"3":{"start":{"line":18,"column":8},"end":{"line":18,"column":28}},"4":{"start":{"line":25,"column":8},"end":{"line":25,"column":35}},"5":{"start":{"line":32,"column":8},"end":{"line":32,"column":43}},"6":{"start":{"line":35,"column":0},"end":{"line":35,"column":26}}},"fnMap":{"0":{"name":"(anonymous_0)","decl":{"start":{"line":10,"column":4},"end":{"line":10,"column":5}},"loc":{"start":{"line":10,"column":25},"end":{"line":12,"column":5}},"line":10},"1":{"name":"(anonymous_1)","decl":{"start":{"line":17,"column":4},"end":{"line":17,"column":5}},"loc":{"start":{"line":17,"column":17},"end":{"line":19,"column":5}},"line":17},"2":{"name":"(anonymous_2)","decl":{"start":{"line":24,"column":4},"end":{"line":24,"column":5}},"loc":{"start":{"line":24,"column":26},"end":{"line":26,"column":5}},"line":24},"3":{"name":"(anonymous_3)","decl":{"start":{"line":31,"column":4},"end":{"line":31,"column":5}},"loc":{"start":{"line":31,"column":26},"end":{"line":33,"column":5}},"line":31}},"branchMap":{},"s":{"0":1,"1":1,"2":1,"3":1,"4":59,"5":0,"6":1},"f":{"0":1,"1":1,"2":59,"3":0},"b":{},"inputSourceMap":{"version":3,"file":"/home/usuario/ull-esit-inf-dsi-21-22-prct06-generics-solid-alu0101202952/practica6-clasesgenericas/src/ejercicio-3/mensaje.ts","sources":["/home/usuario/ull-esit-inf-dsi-21-22-prct06-generics-solid-alu0101202952/practica6-clasesgenericas/src/ejercicio-3/mensaje.ts"],"names":[],"mappings":";;;AAAA;;;;GAIG;AACH,MAAa,OAAO;IAChB,YAAsB,OAAe;QAAf,YAAO,GAAP,OAAO,CAAQ;IAAE,CAAC;IAExC;;;OAGG;IACI,UAAU;QACb,OAAO,IAAI,CAAC,OAAO,CAAC;IACxB,CAAC;IAED;;;OAGG;IACI,mBAAmB;QACtB,OAAO,IAAI,CAAC,OAAO,CAAC,MAAM,CAAC;IAC/B,CAAC;IAED;;;OAGG;IACK,aAAa,CAAC,MAAc;QAChC,OAAO,IAAI,CAAC,OAAO,CAAC,MAAM,CAAC,MAAM,CAAC,CAAC;IACvC,CAAC;CAEJ;AA3BD,0BA2BC","sourcesContent":["/**\n * EJERCICIO 3: CIFRADO CÉSAR\n * @class Mensaje contiene las características del mensaje\n * @param mensaje que se va a tratar\n */\nexport class Mensaje{\n    constructor(protected mensaje: string){}\n\n    /**\n     * Getter del mensaje a cifrar\n     * @returns mensaje\n     */\n    public getMensaje(){\n        return this.mensaje;\n    }\n\n    /**\n     * Getter del tamaño del mensaje\n     * @returns el tamaño\n     */\n    public getNumeroCaracteres(){\n        return this.mensaje.length;\n    }\n\n    /**\n     * Getter caracteres uno a uno del mensaje\n     * @returns caracteres\n     */\n     public getCaracteres(indice: number){\n        return this.mensaje.charAt(indice);\n    }\n\n}"]},"_coverageSchema":"1a1c01bbd47fc00a2c39e90264f33305004495a9","hash":"8c661feb6d5a0394bd7ecf2a839c712cacbee2c4","contentHash":"77f7626a1827a3169bd14e594519b5b5a812ce57dd7f95d54a8577576e0e80e4"},"/home/usuario/ull-esit-inf-dsi-21-22-prct06-generics-solid-alu0101202952/practica6-clasesgenericas/src/ejercicio-3/clave.ts":{"path":"/home/usuario/ull-esit-inf-dsi-21-22-prct06-generics-solid-alu0101202952/practica6-clasesgenericas/src/ejercicio-3/clave.ts","statementMap":{"0":{"start":{"line":2,"column":0},"end":{"line":2,"column":62}},"1":{"start":{"line":3,"column":0},"end":{"line":3,"column":23}},"2":{"start":{"line":11,"column":8},"end":{"line":11,"column":27}},"3":{"start":{"line":18,"column":8},"end":{"line":18,"column":26}},"4":{"start":{"line":25,"column":8},"end":{"line":25,"column":33}},"5":{"start":{"line":32,"column":8},"end":{"line":32,"column":41}},"6":{"start":{"line":35,"column":0},"end":{"line":35,"column":22}}},"fnMap":{"0":{"name":"(anonymous_0)","decl":{"start":{"line":10,"column":4},"end":{"line":10,"column":5}},"loc":{"start":{"line":10,"column":23},"end":{"line":12,"column":5}},"line":10},"1":{"name":"(anonymous_1)","decl":{"start":{"line":17,"column":4},"end":{"line":17,"column":5}},"loc":{"start":{"line":17,"column":15},"end":{"line":19,"column":5}},"line":17},"2":{"name":"(anonymous_2)","decl":{"start":{"line":24,"column":4},"end":{"line":24,"column":5}},"loc":{"start":{"line":24,"column":26},"end":{"line":26,"column":5}},"line":24},"3":{"name":"(anonymous_3)","decl":{"start":{"line":31,"column":4},"end":{"line":31,"column":5}},"loc":{"start":{"line":31,"column":26},"end":{"line":33,"column":5}},"line":31}},"branchMap":{},"s":{"0":1,"1":1,"2":1,"3":1,"4":20,"5":19,"6":1},"f":{"0":1,"1":1,"2":20,"3":19},"b":{},"inputSourceMap":{"version":3,"file":"/home/usuario/ull-esit-inf-dsi-21-22-prct06-generics-solid-alu0101202952/practica6-clasesgenericas/src/ejercicio-3/clave.ts","sources":["/home/usuario/ull-esit-inf-dsi-21-22-prct06-generics-solid-alu0101202952/practica6-clasesgenericas/src/ejercicio-3/clave.ts"],"names":[],"mappings":";;;AAAA;;;;GAIG;AACF,MAAa,KAAK;IACf,YAAsB,KAAa;QAAb,UAAK,GAAL,KAAK,CAAQ;IAAE,CAAC;IAEtC;;;OAGG;IACI,QAAQ;QACX,OAAO,IAAI,CAAC,KAAK,CAAC;IACtB,CAAC;IAED;;;OAGG;IACI,mBAAmB;QACtB,OAAO,IAAI,CAAC,KAAK,CAAC,MAAM,CAAC;IAC7B,CAAC;IAED;;;OAGG;IACI,aAAa,CAAC,MAAc;QAC/B,OAAO,IAAI,CAAC,KAAK,CAAC,MAAM,CAAC,MAAM,CAAC,CAAC;IACrC,CAAC;CACJ;AA1BA,sBA0BA","sourcesContent":["/**\n * EJERCICIO 3: CIFRADO CÉSAR\n * @class Clave contiene las características de la clave\n * @param clave que se va a tratar\n */\n export class Clave{\n    constructor(protected clave: string){}\n\n    /**\n     * Getter de la clave a cifrar\n     * @returns clave\n     */\n    public getClave(){\n        return this.clave;\n    }\n\n    /**\n     * Getter del tamaño de la clave\n     * @returns el tamaño\n     */\n    public getNumeroCaracteres(){\n        return this.clave.length;\n    }\n\n    /**\n     * Getter caracteres uno a uno de la clave\n     * @returns caracteres\n     */\n    public getCaracteres(indice: number){\n        return this.clave.charAt(indice);\n    }\n}"]},"_coverageSchema":"1a1c01bbd47fc00a2c39e90264f33305004495a9","hash":"c8e4f637dc0f6a31346bcc074af3352046a78669","contentHash":"fd4f9f299f9efdd808d000b3b049ba7d2609c48bb45b47fd05acf69b62bed3ac"},"/home/usuario/ull-esit-inf-dsi-21-22-prct06-generics-solid-alu0101202952/practica6-clasesgenericas/src/ejercicio-3/cifradocesar.ts":{"path":"/home/usuario/ull-esit-inf-dsi-21-22-prct06-generics-solid-alu0101202952/practica6-clasesgenericas/src/ejercicio-3/cifradocesar.ts","statementMap":{"0":{"start":{"line":2,"column":0},"end":{"line":2,"column":62}},"1":{"start":{"line":3,"column":0},"end":{"line":3,"column":30}},"2":{"start":{"line":12,"column":8},"end":{"line":12,"column":31}},"3":{"start":{"line":13,"column":8},"end":{"line":13,"column":27}},"4":{"start":{"line":20,"column":8},"end":{"line":20,"column":28}},"5":{"start":{"line":27,"column":8},"end":{"line":27,"column":26}},"6":{"start":{"line":34,"column":8},"end":{"line":34,"column":29}},"7":{"start":{"line":37,"column":8},"end":{"line":45,"column":9}},"8":{"start":{"line":37,"column":21},"end":{"line":37,"column":22}},"9":{"start":{"line":38,"column":12},"end":{"line":40,"column":13}},"10":{"start":{"line":39,"column":16},"end":{"line":39,"column":22}},"11":{"start":{"line":41,"column":12},"end":{"line":43,"column":13}},"12":{"start":{"line":42,"column":16},"end":{"line":42,"column":22}},"13":{"start":{"line":44,"column":12},"end":{"line":44,"column":49}},"14":{"start":{"line":46,"column":8},"end":{"line":46,"column":21}},"15":{"start":{"line":49,"column":0},"end":{"line":49,"column":36}}},"fnMap":{"0":{"name":"(anonymous_0)","decl":{"start":{"line":11,"column":4},"end":{"line":11,"column":5}},"loc":{"start":{"line":11,"column":32},"end":{"line":14,"column":5}},"line":11},"1":{"name":"(anonymous_1)","decl":{"start":{"line":19,"column":4},"end":{"line":19,"column":5}},"loc":{"start":{"line":19,"column":17},"end":{"line":21,"column":5}},"line":19},"2":{"name":"(anonymous_2)","decl":{"start":{"line":26,"column":4},"end":{"line":26,"column":5}},"loc":{"start":{"line":26,"column":15},"end":{"line":28,"column":5}},"line":26},"3":{"name":"(anonymous_3)","decl":{"start":{"line":33,"column":4},"end":{"line":33,"column":5}},"loc":{"start":{"line":33,"column":18},"end":{"line":35,"column":5}},"line":33},"4":{"name":"(anonymous_4)","decl":{"start":{"line":36,"column":4},"end":{"line":36,"column":5}},"loc":{"start":{"line":36,"column":33},"end":{"line":47,"column":5}},"line":36}},"branchMap":{"0":{"loc":{"start":{"line":38,"column":12},"end":{"line":40,"column":13}},"type":"if","locations":[{"start":{"line":38,"column":12},"end":{"line":40,"column":13}},{"start":{"line":38,"column":12},"end":{"line":40,"column":13}}],"line":38},"1":{"loc":{"start":{"line":41,"column":12},"end":{"line":43,"column":13}},"type":"if","locations":[{"start":{"line":41,"column":12},"end":{"line":43,"column":13}},{"start":{"line":41,"column":12},"end":{"line":43,"column":13}}],"line":41}},"s":{"0":1,"1":1,"2":1,"3":1,"4":1,"5":1,"6":1,"7":1,"8":1,"9":19,"10":0,"11":19,"12":0,"13":19,"14":1,"15":1},"f":{"0":1,"1":1,"2":1,"3":1,"4":1},"b":{"0":[0,19],"1":[0,19]},"inputSourceMap":{"version":3,"file":"/home/usuario/ull-esit-inf-dsi-21-22-prct06-generics-solid-alu0101202952/practica6-clasesgenericas/src/ejercicio-3/cifradocesar.ts","sources":["/home/usuario/ull-esit-inf-dsi-21-22-prct06-generics-solid-alu0101202952/practica6-clasesgenericas/src/ejercicio-3/cifradocesar.ts"],"names":[],"mappings":";;;AAGA;;;;;GAKG;AACH,MAAa,YAAY;IAErB,YAAsB,OAAgB,EAAY,KAAY;QAAxC,YAAO,GAAP,OAAO,CAAS;QAAY,UAAK,GAAL,KAAK,CAAO;IAAE,CAAC;IAEjE;;;OAGG;IACI,UAAU;QACb,OAAO,IAAI,CAAC,OAAO,CAAC;IACxB,CAAC;IAED;;;OAGG;IACK,QAAQ;QACZ,OAAO,IAAI,CAAC,KAAK,CAAC;IACtB,CAAC;IAED;;;OAGG;IACI,WAAW;QACd,OAAO,IAAI,CAAC,QAAQ,CAAC;IACzB,CAAC;IAEM,YAAY,CAAC,OAAgB,EAAE,KAAa;QAC/C,KAAI,IAAI,CAAC,GAAW,CAAC,EAAE,CAAC,GAAG,OAAO,CAAC,mBAAmB,EAAE,EAAE,CAAC,EAAE,EAAC;YAC1D,IAAG,OAAO,CAAC,mBAAmB,EAAE,IAAI,CAAC,EAAC;gBAClC,CAAC,GAAG,CAAC,CAAC;aACT,CAAA,iFAAiF;YAClF,IAAI,IAAI,CAAC,KAAK,CAAC,mBAAmB,EAAE,IAAI,OAAO,CAAC,mBAAmB,EAAE,EAAC;gBAClE,MAAM;aACT,CAAA,+DAA+D;YAChE,KAAK,IAAI,IAAI,CAAC,KAAK,CAAC,aAAa,CAAC,CAAC,CAAC,CAAC;SACxC;QACD,OAAO,KAAK,CAAC;IACjB,CAAC;CAiBJ;AAxDD,oCAwDC","sourcesContent":["import { Clave } from \"./clave\";\nimport { Mensaje } from \"./mensaje\";\n\n/**\n * EJERCICIO 3: CIFRADO CÉSAR\n * @class CifradoCesar contiene las encriptación y desencriptación del mensaje\n * @param mensaje que se va a tratar\n * @param clave con la que se encripta el mensaje\n */\nexport class CifradoCesar{\n    private alfabeto: 'ABCDEFGHIJKLMNÑOPQRSTUVWXYZ';\n    constructor(protected mensaje: Mensaje, protected clave: Clave){}\n\n    /**\n     * Getter del mensaje a cifrar\n     * @returns mensaje\n     */\n    public getMensaje(){\n        return this.mensaje;\n    }\n\n    /**\n     * Getter de la clave a cifrar\n     * @returns clave\n     */\n     public getClave(){\n        return this.clave;\n    }\n\n    /**\n     * Getter del alfabeto a trabajar\n     * @returns alfabeto (privado)\n     */\n    public getAlfabeto(){\n        return this.alfabeto;\n    }\n\n    public generarClave(mensaje: Mensaje, clave: String){\n        for(let i: number = 0; i < mensaje.getNumeroCaracteres(); i++){\n            if(mensaje.getNumeroCaracteres() == i){\n                i = 0;\n            }// Si la longitud de la clave es igual al tamaño del texto terminamos de repetir \n            if (this.clave.getNumeroCaracteres() == mensaje.getNumeroCaracteres()){\n                break;\n            }// charAt nos devuelve el char del índice que queremos analizar\n            clave += this.clave.getCaracteres(i); \n        }\n        return clave;\n    }\n\n    /*\n    public encriptar(mensaje: Mensaje, clave: Clave){\n        let resultado = mensaje.getNumeroCaracteres();\n        for(let i: number = 0; i < mensaje.getNumeroCaracteres(); i++){\n            for(let j: number = 0; j < clave.getNumeroCaracteres(); j++){\n                if(resultado >= 65)\n            }\n            if(contador_clave == clave.getNumeroCaracteres()){\n                contador_clave = 0; \n            }\n            clave = clave + this.clave.getClave();\n        }\n\n    }*/\n    \n}"]},"_coverageSchema":"1a1c01bbd47fc00a2c39e90264f33305004495a9","hash":"b9476c37bed70015226b924dddac73dd002dc78f","contentHash":"245d6bc38c3649ff9e4e008bddc55313a1fd1ee7996e820ce4ed22b6d649ba08"}}